{"/Users/nathanbrenner/repos/work/anion/lib/requests.js": {"path":"/Users/nathanbrenner/repos/work/anion/lib/requests.js","statementMap":{"0":{"start":{"line":6,"column":2},"end":{"line":10,"column":3}},"1":{"start":{"line":7,"column":16},"end":{"line":7,"column":49}},"2":{"start":{"line":8,"column":4},"end":{"line":8,"column":22}},"3":{"start":{"line":9,"column":4},"end":{"line":9,"column":13}},"4":{"start":{"line":12,"column":14},"end":{"line":12,"column":35}},"5":{"start":{"line":13,"column":2},"end":{"line":13,"column":25}},"6":{"start":{"line":15,"column":2},"end":{"line":20,"column":3}},"7":{"start":{"line":16,"column":4},"end":{"line":16,"column":34}},"8":{"start":{"line":18,"column":22},"end":{"line":18,"column":49}},"9":{"start":{"line":19,"column":4},"end":{"line":19,"column":37}},"10":{"start":{"line":22,"column":2},"end":{"line":24,"column":3}},"11":{"start":{"line":23,"column":4},"end":{"line":23,"column":16}},"12":{"start":{"line":26,"column":14},"end":{"line":31,"column":3}},"13":{"start":{"line":33,"column":2},"end":{"line":33,"column":27}},"14":{"start":{"line":37,"column":2},"end":{"line":37,"column":56}},"15":{"start":{"line":41,"column":2},"end":{"line":41,"column":52}},"16":{"start":{"line":45,"column":2},"end":{"line":45,"column":51}},"17":{"start":{"line":49,"column":2},"end":{"line":49,"column":54}}},"fnMap":{"0":{"name":"Do","decl":{"start":{"line":5,"column":16},"end":{"line":5,"column":18}},"loc":{"start":{"line":5,"column":60},"end":{"line":34,"column":1}},"line":5},"1":{"name":"Get","decl":{"start":{"line":36,"column":16},"end":{"line":36,"column":19}},"loc":{"start":{"line":36,"column":47},"end":{"line":38,"column":1}},"line":36},"2":{"name":"Post","decl":{"start":{"line":40,"column":16},"end":{"line":40,"column":20}},"loc":{"start":{"line":40,"column":54},"end":{"line":42,"column":1}},"line":40},"3":{"name":"Put","decl":{"start":{"line":44,"column":16},"end":{"line":44,"column":19}},"loc":{"start":{"line":44,"column":53},"end":{"line":46,"column":1}},"line":44},"4":{"name":"Delete","decl":{"start":{"line":48,"column":16},"end":{"line":48,"column":22}},"loc":{"start":{"line":48,"column":56},"end":{"line":50,"column":1}},"line":48}},"branchMap":{"0":{"loc":{"start":{"line":6,"column":2},"end":{"line":10,"column":3}},"type":"if","locations":[{"start":{"line":6,"column":2},"end":{"line":10,"column":3}},{"start":{"line":6,"column":2},"end":{"line":10,"column":3}}],"line":6},"1":{"loc":{"start":{"line":15,"column":2},"end":{"line":20,"column":3}},"type":"if","locations":[{"start":{"line":15,"column":2},"end":{"line":20,"column":3}},{"start":{"line":15,"column":2},"end":{"line":20,"column":3}}],"line":15},"2":{"loc":{"start":{"line":22,"column":2},"end":{"line":24,"column":3}},"type":"if","locations":[{"start":{"line":22,"column":2},"end":{"line":24,"column":3}},{"start":{"line":22,"column":2},"end":{"line":24,"column":3}}],"line":22}},"s":{"0":77,"1":0,"2":0,"3":0,"4":0,"5":0,"6":0,"7":0,"8":0,"9":0,"10":0,"11":0,"12":0,"13":0,"14":46,"15":13,"16":13,"17":5},"f":{"0":77,"1":46,"2":13,"3":13,"4":5},"b":{"0":[0,0],"1":[0,0],"2":[0,0]},"_coverageSchema":"1a1c01bbd47fc00a2c39e90264f33305004495a9","hash":"5d150d39bce5309611a0c41ad60d72495924bc60"}
,"/Users/nathanbrenner/repos/work/anion/lib/aliases/aliases.structs.js": {"path":"/Users/nathanbrenner/repos/work/anion/lib/aliases/aliases.structs.js","statementMap":{"0":{"start":{"line":3,"column":21},"end":{"line":13,"column":1}}},"fnMap":{},"branchMap":{},"s":{"0":2},"f":{},"b":{},"_coverageSchema":"1a1c01bbd47fc00a2c39e90264f33305004495a9","hash":"a85586db7dc5f71ef8b1aadb2b11dad02010a53c"}
,"/Users/nathanbrenner/repos/work/anion/lib/analyses/analyses.structs.js": {"path":"/Users/nathanbrenner/repos/work/anion/lib/analyses/analyses.structs.js","statementMap":{"0":{"start":{"line":3,"column":24},"end":{"line":26,"column":1}}},"fnMap":{},"branchMap":{},"s":{"0":1},"f":{},"b":{},"_coverageSchema":"1a1c01bbd47fc00a2c39e90264f33305004495a9","hash":"913669ebabce125614f889cc818d47ba1703e015"}
,"/Users/nathanbrenner/repos/work/anion/lib/auth/auth.js": {"path":"/Users/nathanbrenner/repos/work/anion/lib/auth/auth.js","statementMap":{"0":{"start":{"line":3,"column":15},"end":{"line":3,"column":20}},"1":{"start":{"line":7,"column":4},"end":{"line":7,"column":33}},"2":{"start":{"line":11,"column":4},"end":{"line":11,"column":30}},"3":{"start":{"line":15,"column":4},"end":{"line":15,"column":37}},"4":{"start":{"line":19,"column":4},"end":{"line":21,"column":5}},"5":{"start":{"line":20,"column":6},"end":{"line":20,"column":18}},"6":{"start":{"line":23,"column":18},"end":{"line":23,"column":33}},"7":{"start":{"line":25,"column":4},"end":{"line":27,"column":5}},"8":{"start":{"line":26,"column":6},"end":{"line":26,"column":47}},"9":{"start":{"line":29,"column":4},"end":{"line":29,"column":18}}},"fnMap":{"0":{"name":"(anonymous_0)","decl":{"start":{"line":6,"column":2},"end":{"line":6,"column":3}},"loc":{"start":{"line":6,"column":22},"end":{"line":8,"column":3}},"line":6},"1":{"name":"(anonymous_1)","decl":{"start":{"line":10,"column":2},"end":{"line":10,"column":3}},"loc":{"start":{"line":10,"column":20},"end":{"line":12,"column":3}},"line":10},"2":{"name":"(anonymous_2)","decl":{"start":{"line":14,"column":2},"end":{"line":14,"column":3}},"loc":{"start":{"line":14,"column":25},"end":{"line":16,"column":3}},"line":14},"3":{"name":"(anonymous_3)","decl":{"start":{"line":18,"column":2},"end":{"line":18,"column":3}},"loc":{"start":{"line":18,"column":32},"end":{"line":30,"column":3}},"line":18}},"branchMap":{"0":{"loc":{"start":{"line":19,"column":4},"end":{"line":21,"column":5}},"type":"if","locations":[{"start":{"line":19,"column":4},"end":{"line":21,"column":5}},{"start":{"line":19,"column":4},"end":{"line":21,"column":5}}],"line":19},"1":{"loc":{"start":{"line":25,"column":4},"end":{"line":27,"column":5}},"type":"if","locations":[{"start":{"line":25,"column":4},"end":{"line":27,"column":5}},{"start":{"line":25,"column":4},"end":{"line":27,"column":5}}],"line":25},"2":{"loc":{"start":{"line":25,"column":8},"end":{"line":25,"column":43}},"type":"binary-expr","locations":[{"start":{"line":25,"column":8},"end":{"line":25,"column":27}},{"start":{"line":25,"column":31},"end":{"line":25,"column":43}}],"line":25}},"s":{"0":12,"1":4,"2":66,"3":12,"4":66,"5":64,"6":66,"7":66,"8":61,"9":66},"f":{"0":4,"1":66,"2":12,"3":66},"b":{"0":[64,2],"1":[61,5],"2":[66,61]},"_coverageSchema":"1a1c01bbd47fc00a2c39e90264f33305004495a9","hash":"434b04781470dbbeba515640f80797cf1c4ec0ba"}
,"/Users/nathanbrenner/repos/work/anion/lib/deliveries/deliveries.js": {"path":"/Users/nathanbrenner/repos/work/anion/lib/deliveries/deliveries.js","statementMap":{"0":{"start":{"line":7,"column":19},"end":{"line":9,"column":5}},"1":{"start":{"line":11,"column":4},"end":{"line":18,"column":8}},"2":{"start":{"line":13,"column":8},"end":{"line":13,"column":34}},"3":{"start":{"line":14,"column":8},"end":{"line":14,"column":24}},"4":{"start":{"line":17,"column":8},"end":{"line":17,"column":19}},"5":{"start":{"line":28,"column":4},"end":{"line":33,"column":5}},"6":{"start":{"line":37,"column":4},"end":{"line":41,"column":5}},"7":{"start":{"line":45,"column":32},"end":{"line":45,"column":67}},"8":{"start":{"line":46,"column":34},"end":{"line":46,"column":71}},"9":{"start":{"line":47,"column":34},"end":{"line":47,"column":71}}},"fnMap":{"0":{"name":"(anonymous_0)","decl":{"start":{"line":6,"column":2},"end":{"line":6,"column":3}},"loc":{"start":{"line":6,"column":37},"end":{"line":19,"column":3}},"line":6},"1":{"name":"(anonymous_1)","decl":{"start":{"line":12,"column":12},"end":{"line":12,"column":13}},"loc":{"start":{"line":12,"column":26},"end":{"line":15,"column":7}},"line":12},"2":{"name":"(anonymous_2)","decl":{"start":{"line":16,"column":13},"end":{"line":16,"column":14}},"loc":{"start":{"line":16,"column":22},"end":{"line":18,"column":7}},"line":16},"3":{"name":"(anonymous_3)","decl":{"start":{"line":21,"column":2},"end":{"line":21,"column":3}},"loc":{"start":{"line":21,"column":33},"end":{"line":34,"column":3}},"line":21},"4":{"name":"(anonymous_4)","decl":{"start":{"line":36,"column":2},"end":{"line":36,"column":3}},"loc":{"start":{"line":36,"column":31},"end":{"line":42,"column":3}},"line":36}},"branchMap":{},"s":{"0":1,"1":1,"2":0,"3":0,"4":0,"5":1,"6":1,"7":1,"8":1,"9":1},"f":{"0":1,"1":0,"2":0,"3":1,"4":1},"b":{},"_coverageSchema":"1a1c01bbd47fc00a2c39e90264f33305004495a9","hash":"ab35acc39a53cc25596d8aad98b1bb4df5d678bb"}
,"/Users/nathanbrenner/repos/work/anion/lib/deliveries/deliveries.structs.js": {"path":"/Users/nathanbrenner/repos/work/anion/lib/deliveries/deliveries.structs.js","statementMap":{"0":{"start":{"line":3,"column":27},"end":{"line":14,"column":1}},"1":{"start":{"line":16,"column":28},"end":{"line":21,"column":1}}},"fnMap":{},"branchMap":{},"s":{"0":1,"1":1},"f":{},"b":{},"_coverageSchema":"1a1c01bbd47fc00a2c39e90264f33305004495a9","hash":"bcffd071d208a8b7bb30caf2da59821ff712215f"}
,"/Users/nathanbrenner/repos/work/anion/lib/projects/projects.js": {"path":"/Users/nathanbrenner/repos/work/anion/lib/projects/projects.js","statementMap":{"0":{"start":{"line":7,"column":19},"end":{"line":11,"column":17}},"1":{"start":{"line":13,"column":4},"end":{"line":20,"column":8}},"2":{"start":{"line":15,"column":8},"end":{"line":15,"column":38}},"3":{"start":{"line":16,"column":8},"end":{"line":16,"column":28}},"4":{"start":{"line":19,"column":8},"end":{"line":19,"column":19}},"5":{"start":{"line":24,"column":19},"end":{"line":24,"column":46}},"6":{"start":{"line":26,"column":4},"end":{"line":28,"column":5}},"7":{"start":{"line":27,"column":6},"end":{"line":27,"column":38}},"8":{"start":{"line":30,"column":4},"end":{"line":37,"column":8}},"9":{"start":{"line":32,"column":8},"end":{"line":32,"column":34}},"10":{"start":{"line":33,"column":8},"end":{"line":33,"column":54}},"11":{"start":{"line":36,"column":8},"end":{"line":36,"column":19}},"12":{"start":{"line":41,"column":19},"end":{"line":41,"column":46}},"13":{"start":{"line":43,"column":4},"end":{"line":50,"column":8}},"14":{"start":{"line":45,"column":8},"end":{"line":45,"column":34}},"15":{"start":{"line":46,"column":8},"end":{"line":46,"column":54}},"16":{"start":{"line":49,"column":8},"end":{"line":49,"column":19}},"17":{"start":{"line":54,"column":19},"end":{"line":56,"column":6}},"18":{"start":{"line":58,"column":4},"end":{"line":65,"column":8}},"19":{"start":{"line":60,"column":8},"end":{"line":60,"column":30}},"20":{"start":{"line":61,"column":8},"end":{"line":61,"column":55}},"21":{"start":{"line":64,"column":8},"end":{"line":64,"column":19}},"22":{"start":{"line":69,"column":19},"end":{"line":71,"column":6}},"23":{"start":{"line":73,"column":4},"end":{"line":78,"column":35}},"24":{"start":{"line":78,"column":25},"end":{"line":78,"column":34}},"25":{"start":{"line":82,"column":4},"end":{"line":87,"column":5}},"26":{"start":{"line":91,"column":19},"end":{"line":91,"column":42}},"27":{"start":{"line":93,"column":4},"end":{"line":95,"column":5}},"28":{"start":{"line":94,"column":6},"end":{"line":94,"column":33}},"29":{"start":{"line":97,"column":4},"end":{"line":99,"column":6}},"30":{"start":{"line":103,"column":13},"end":{"line":103,"column":27}},"31":{"start":{"line":104,"column":30},"end":{"line":104,"column":52}},"32":{"start":{"line":105,"column":27},"end":{"line":105,"column":46}},"33":{"start":{"line":106,"column":33},"end":{"line":106,"column":58}},"34":{"start":{"line":107,"column":28},"end":{"line":107,"column":48}},"35":{"start":{"line":108,"column":30},"end":{"line":108,"column":52}},"36":{"start":{"line":109,"column":31},"end":{"line":109,"column":54}},"37":{"start":{"line":110,"column":41},"end":{"line":110,"column":74}}},"fnMap":{"0":{"name":"(anonymous_0)","decl":{"start":{"line":6,"column":2},"end":{"line":6,"column":3}},"loc":{"start":{"line":6,"column":54},"end":{"line":21,"column":3}},"line":6},"1":{"name":"(anonymous_1)","decl":{"start":{"line":14,"column":12},"end":{"line":14,"column":13}},"loc":{"start":{"line":14,"column":19},"end":{"line":17,"column":7}},"line":14},"2":{"name":"(anonymous_2)","decl":{"start":{"line":18,"column":13},"end":{"line":18,"column":14}},"loc":{"start":{"line":18,"column":22},"end":{"line":20,"column":7}},"line":18},"3":{"name":"(anonymous_3)","decl":{"start":{"line":23,"column":2},"end":{"line":23,"column":3}},"loc":{"start":{"line":23,"column":36},"end":{"line":38,"column":3}},"line":23},"4":{"name":"(anonymous_4)","decl":{"start":{"line":31,"column":12},"end":{"line":31,"column":13}},"loc":{"start":{"line":31,"column":26},"end":{"line":34,"column":7}},"line":31},"5":{"name":"(anonymous_5)","decl":{"start":{"line":35,"column":13},"end":{"line":35,"column":14}},"loc":{"start":{"line":35,"column":22},"end":{"line":37,"column":7}},"line":35},"6":{"name":"(anonymous_6)","decl":{"start":{"line":40,"column":2},"end":{"line":40,"column":3}},"loc":{"start":{"line":40,"column":34},"end":{"line":51,"column":3}},"line":40},"7":{"name":"(anonymous_7)","decl":{"start":{"line":44,"column":12},"end":{"line":44,"column":13}},"loc":{"start":{"line":44,"column":26},"end":{"line":47,"column":7}},"line":44},"8":{"name":"(anonymous_8)","decl":{"start":{"line":48,"column":13},"end":{"line":48,"column":14}},"loc":{"start":{"line":48,"column":22},"end":{"line":50,"column":7}},"line":48},"9":{"name":"(anonymous_9)","decl":{"start":{"line":53,"column":2},"end":{"line":53,"column":3}},"loc":{"start":{"line":53,"column":33},"end":{"line":66,"column":3}},"line":53},"10":{"name":"(anonymous_10)","decl":{"start":{"line":59,"column":12},"end":{"line":59,"column":13}},"loc":{"start":{"line":59,"column":26},"end":{"line":62,"column":7}},"line":59},"11":{"name":"(anonymous_11)","decl":{"start":{"line":63,"column":13},"end":{"line":63,"column":14}},"loc":{"start":{"line":63,"column":22},"end":{"line":65,"column":7}},"line":63},"12":{"name":"(anonymous_12)","decl":{"start":{"line":68,"column":2},"end":{"line":68,"column":3}},"loc":{"start":{"line":68,"column":57},"end":{"line":79,"column":3}},"line":68},"13":{"name":"(anonymous_13)","decl":{"start":{"line":78,"column":11},"end":{"line":78,"column":12}},"loc":{"start":{"line":78,"column":25},"end":{"line":78,"column":34}},"line":78},"14":{"name":"(anonymous_14)","decl":{"start":{"line":81,"column":2},"end":{"line":81,"column":3}},"loc":{"start":{"line":81,"column":61},"end":{"line":88,"column":3}},"line":81},"15":{"name":"(anonymous_15)","decl":{"start":{"line":90,"column":2},"end":{"line":90,"column":3}},"loc":{"start":{"line":90,"column":51},"end":{"line":100,"column":3}},"line":90}},"branchMap":{"0":{"loc":{"start":{"line":6,"column":31},"end":{"line":6,"column":50}},"type":"default-arg","locations":[{"start":{"line":6,"column":45},"end":{"line":6,"column":50}}],"line":6},"1":{"loc":{"start":{"line":7,"column":19},"end":{"line":11,"column":17}},"type":"cond-expr","locations":[{"start":{"line":8,"column":8},"end":{"line":10,"column":10}},{"start":{"line":11,"column":8},"end":{"line":11,"column":17}}],"line":7},"2":{"loc":{"start":{"line":26,"column":4},"end":{"line":28,"column":5}},"type":"if","locations":[{"start":{"line":26,"column":4},"end":{"line":28,"column":5}},{"start":{"line":26,"column":4},"end":{"line":28,"column":5}}],"line":26},"3":{"loc":{"start":{"line":68,"column":34},"end":{"line":68,"column":53}},"type":"default-arg","locations":[{"start":{"line":68,"column":48},"end":{"line":68,"column":53}}],"line":68}},"s":{"0":1,"1":1,"2":0,"3":0,"4":0,"5":1,"6":1,"7":1,"8":1,"9":0,"10":0,"11":0,"12":1,"13":1,"14":0,"15":0,"16":0,"17":1,"18":1,"19":0,"20":0,"21":0,"22":1,"23":1,"24":0,"25":1,"26":5,"27":5,"28":6,"29":5,"30":1,"31":1,"32":1,"33":1,"34":1,"35":1,"36":1,"37":1},"f":{"0":1,"1":0,"2":0,"3":1,"4":0,"5":0,"6":1,"7":0,"8":0,"9":1,"10":0,"11":0,"12":1,"13":0,"14":1,"15":5},"b":{"0":[1],"1":[0,1],"2":[1,0],"3":[1]},"_coverageSchema":"1a1c01bbd47fc00a2c39e90264f33305004495a9","hash":"c60217f0a173321106d6980945b6ccd9998d70de"}
,"/Users/nathanbrenner/repos/work/anion/lib/projects/projects.structs.js": {"path":"/Users/nathanbrenner/repos/work/anion/lib/projects/projects.structs.js","statementMap":{"0":{"start":{"line":5,"column":23},"end":{"line":32,"column":1}},"1":{"start":{"line":34,"column":29},"end":{"line":55,"column":1}},"2":{"start":{"line":57,"column":24},"end":{"line":62,"column":1}}},"fnMap":{},"branchMap":{},"s":{"0":1,"1":1,"2":1},"f":{},"b":{},"_coverageSchema":"1a1c01bbd47fc00a2c39e90264f33305004495a9","hash":"e919165c7b26b8a62226f6abdd7054e7be8f6f61"}
,"/Users/nathanbrenner/repos/work/anion/lib/reports/reports.js": {"path":"/Users/nathanbrenner/repos/work/anion/lib/reports/reports.js","statementMap":{"0":{"start":{"line":7,"column":19},"end":{"line":11,"column":6}},"1":{"start":{"line":13,"column":4},"end":{"line":20,"column":8}},"2":{"start":{"line":15,"column":8},"end":{"line":15,"column":41}},"3":{"start":{"line":16,"column":8},"end":{"line":16,"column":24}},"4":{"start":{"line":19,"column":8},"end":{"line":19,"column":19}},"5":{"start":{"line":24,"column":19},"end":{"line":29,"column":6}},"6":{"start":{"line":31,"column":4},"end":{"line":38,"column":8}},"7":{"start":{"line":33,"column":8},"end":{"line":33,"column":34}},"8":{"start":{"line":34,"column":8},"end":{"line":34,"column":24}},"9":{"start":{"line":37,"column":8},"end":{"line":37,"column":19}},"10":{"start":{"line":42,"column":19},"end":{"line":46,"column":6}},"11":{"start":{"line":48,"column":4},"end":{"line":55,"column":8}},"12":{"start":{"line":50,"column":8},"end":{"line":50,"column":34}},"13":{"start":{"line":51,"column":8},"end":{"line":51,"column":24}},"14":{"start":{"line":54,"column":8},"end":{"line":54,"column":19}},"15":{"start":{"line":59,"column":19},"end":{"line":62,"column":6}},"16":{"start":{"line":64,"column":4},"end":{"line":71,"column":8}},"17":{"start":{"line":66,"column":8},"end":{"line":66,"column":40}},"18":{"start":{"line":67,"column":8},"end":{"line":67,"column":24}},"19":{"start":{"line":70,"column":8},"end":{"line":70,"column":19}},"20":{"start":{"line":75,"column":19},"end":{"line":77,"column":6}},"21":{"start":{"line":79,"column":4},"end":{"line":87,"column":8}},"22":{"start":{"line":83,"column":8},"end":{"line":83,"column":55}},"23":{"start":{"line":86,"column":8},"end":{"line":86,"column":19}},"24":{"start":{"line":91,"column":19},"end":{"line":93,"column":6}},"25":{"start":{"line":95,"column":4},"end":{"line":102,"column":8}},"26":{"start":{"line":97,"column":8},"end":{"line":97,"column":42}},"27":{"start":{"line":98,"column":8},"end":{"line":98,"column":24}},"28":{"start":{"line":101,"column":8},"end":{"line":101,"column":19}},"29":{"start":{"line":106,"column":19},"end":{"line":108,"column":6}},"30":{"start":{"line":110,"column":4},"end":{"line":112,"column":5}},"31":{"start":{"line":111,"column":6},"end":{"line":111,"column":42}},"32":{"start":{"line":114,"column":4},"end":{"line":121,"column":8}},"33":{"start":{"line":116,"column":8},"end":{"line":116,"column":50}},"34":{"start":{"line":117,"column":8},"end":{"line":117,"column":24}},"35":{"start":{"line":120,"column":8},"end":{"line":120,"column":19}},"36":{"start":{"line":125,"column":19},"end":{"line":128,"column":6}},"37":{"start":{"line":130,"column":4},"end":{"line":137,"column":8}},"38":{"start":{"line":132,"column":8},"end":{"line":132,"column":38}},"39":{"start":{"line":133,"column":8},"end":{"line":133,"column":24}},"40":{"start":{"line":136,"column":8},"end":{"line":136,"column":19}},"41":{"start":{"line":141,"column":19},"end":{"line":143,"column":6}},"42":{"start":{"line":144,"column":4},"end":{"line":148,"column":8}},"43":{"start":{"line":145,"column":26},"end":{"line":145,"column":35}},"44":{"start":{"line":147,"column":8},"end":{"line":147,"column":19}},"45":{"start":{"line":152,"column":19},"end":{"line":155,"column":6}},"46":{"start":{"line":157,"column":4},"end":{"line":160,"column":5}},"47":{"start":{"line":158,"column":6},"end":{"line":158,"column":33}},"48":{"start":{"line":159,"column":6},"end":{"line":159,"column":29}},"49":{"start":{"line":162,"column":4},"end":{"line":164,"column":5}},"50":{"start":{"line":163,"column":20},"end":{"line":163,"column":29}},"51":{"start":{"line":168,"column":4},"end":{"line":176,"column":5}},"52":{"start":{"line":180,"column":19},"end":{"line":185,"column":6}},"53":{"start":{"line":186,"column":4},"end":{"line":186,"column":77}},"54":{"start":{"line":190,"column":13},"end":{"line":190,"column":26}},"55":{"start":{"line":191,"column":28},"end":{"line":191,"column":48}},"56":{"start":{"line":192,"column":27},"end":{"line":192,"column":46}},"57":{"start":{"line":193,"column":27},"end":{"line":193,"column":46}},"58":{"start":{"line":194,"column":28},"end":{"line":194,"column":48}},"59":{"start":{"line":195,"column":29},"end":{"line":195,"column":50}},"60":{"start":{"line":196,"column":37},"end":{"line":196,"column":66}},"61":{"start":{"line":197,"column":36},"end":{"line":197,"column":64}},"62":{"start":{"line":198,"column":34},"end":{"line":198,"column":60}},"63":{"start":{"line":199,"column":33},"end":{"line":199,"column":58}},"64":{"start":{"line":200,"column":34},"end":{"line":200,"column":60}},"65":{"start":{"line":201,"column":32},"end":{"line":201,"column":56}},"66":{"start":{"line":202,"column":40},"end":{"line":202,"column":72}}},"fnMap":{"0":{"name":"(anonymous_0)","decl":{"start":{"line":6,"column":2},"end":{"line":6,"column":3}},"loc":{"start":{"line":6,"column":56},"end":{"line":21,"column":3}},"line":6},"1":{"name":"(anonymous_1)","decl":{"start":{"line":14,"column":12},"end":{"line":14,"column":13}},"loc":{"start":{"line":14,"column":26},"end":{"line":17,"column":7}},"line":14},"2":{"name":"(anonymous_2)","decl":{"start":{"line":18,"column":13},"end":{"line":18,"column":14}},"loc":{"start":{"line":18,"column":22},"end":{"line":20,"column":7}},"line":18},"3":{"name":"(anonymous_3)","decl":{"start":{"line":23,"column":2},"end":{"line":23,"column":3}},"loc":{"start":{"line":23,"column":72},"end":{"line":39,"column":3}},"line":23},"4":{"name":"(anonymous_4)","decl":{"start":{"line":32,"column":12},"end":{"line":32,"column":13}},"loc":{"start":{"line":32,"column":26},"end":{"line":35,"column":7}},"line":32},"5":{"name":"(anonymous_5)","decl":{"start":{"line":36,"column":13},"end":{"line":36,"column":14}},"loc":{"start":{"line":36,"column":22},"end":{"line":38,"column":7}},"line":36},"6":{"name":"(anonymous_6)","decl":{"start":{"line":41,"column":2},"end":{"line":41,"column":3}},"loc":{"start":{"line":41,"column":70},"end":{"line":56,"column":3}},"line":41},"7":{"name":"(anonymous_7)","decl":{"start":{"line":49,"column":12},"end":{"line":49,"column":13}},"loc":{"start":{"line":49,"column":26},"end":{"line":52,"column":7}},"line":49},"8":{"name":"(anonymous_8)","decl":{"start":{"line":53,"column":13},"end":{"line":53,"column":14}},"loc":{"start":{"line":53,"column":22},"end":{"line":55,"column":7}},"line":53},"9":{"name":"(anonymous_9)","decl":{"start":{"line":58,"column":2},"end":{"line":58,"column":3}},"loc":{"start":{"line":58,"column":43},"end":{"line":72,"column":3}},"line":58},"10":{"name":"(anonymous_10)","decl":{"start":{"line":65,"column":12},"end":{"line":65,"column":13}},"loc":{"start":{"line":65,"column":26},"end":{"line":68,"column":7}},"line":65},"11":{"name":"(anonymous_11)","decl":{"start":{"line":69,"column":13},"end":{"line":69,"column":14}},"loc":{"start":{"line":69,"column":22},"end":{"line":71,"column":7}},"line":69},"12":{"name":"(anonymous_12)","decl":{"start":{"line":74,"column":2},"end":{"line":74,"column":3}},"loc":{"start":{"line":74,"column":33},"end":{"line":88,"column":3}},"line":74},"13":{"name":"(anonymous_13)","decl":{"start":{"line":80,"column":12},"end":{"line":80,"column":13}},"loc":{"start":{"line":80,"column":26},"end":{"line":84,"column":7}},"line":80},"14":{"name":"(anonymous_14)","decl":{"start":{"line":85,"column":13},"end":{"line":85,"column":14}},"loc":{"start":{"line":85,"column":22},"end":{"line":87,"column":7}},"line":85},"15":{"name":"(anonymous_15)","decl":{"start":{"line":90,"column":2},"end":{"line":90,"column":3}},"loc":{"start":{"line":90,"column":34},"end":{"line":103,"column":3}},"line":90},"16":{"name":"(anonymous_16)","decl":{"start":{"line":96,"column":12},"end":{"line":96,"column":13}},"loc":{"start":{"line":96,"column":26},"end":{"line":99,"column":7}},"line":96},"17":{"name":"(anonymous_17)","decl":{"start":{"line":100,"column":13},"end":{"line":100,"column":14}},"loc":{"start":{"line":100,"column":22},"end":{"line":102,"column":7}},"line":100},"18":{"name":"(anonymous_18)","decl":{"start":{"line":105,"column":2},"end":{"line":105,"column":3}},"loc":{"start":{"line":105,"column":59},"end":{"line":122,"column":3}},"line":105},"19":{"name":"(anonymous_19)","decl":{"start":{"line":115,"column":12},"end":{"line":115,"column":13}},"loc":{"start":{"line":115,"column":26},"end":{"line":118,"column":7}},"line":115},"20":{"name":"(anonymous_20)","decl":{"start":{"line":119,"column":13},"end":{"line":119,"column":14}},"loc":{"start":{"line":119,"column":22},"end":{"line":121,"column":7}},"line":119},"21":{"name":"(anonymous_21)","decl":{"start":{"line":124,"column":2},"end":{"line":124,"column":3}},"loc":{"start":{"line":124,"column":53},"end":{"line":138,"column":3}},"line":124},"22":{"name":"(anonymous_22)","decl":{"start":{"line":131,"column":12},"end":{"line":131,"column":13}},"loc":{"start":{"line":131,"column":26},"end":{"line":134,"column":7}},"line":131},"23":{"name":"(anonymous_23)","decl":{"start":{"line":135,"column":13},"end":{"line":135,"column":14}},"loc":{"start":{"line":135,"column":22},"end":{"line":137,"column":7}},"line":135},"24":{"name":"(anonymous_24)","decl":{"start":{"line":140,"column":2},"end":{"line":140,"column":3}},"loc":{"start":{"line":140,"column":39},"end":{"line":149,"column":3}},"line":140},"25":{"name":"(anonymous_25)","decl":{"start":{"line":145,"column":12},"end":{"line":145,"column":13}},"loc":{"start":{"line":145,"column":26},"end":{"line":145,"column":35}},"line":145},"26":{"name":"(anonymous_26)","decl":{"start":{"line":146,"column":13},"end":{"line":146,"column":14}},"loc":{"start":{"line":146,"column":22},"end":{"line":148,"column":7}},"line":146},"27":{"name":"(anonymous_27)","decl":{"start":{"line":151,"column":2},"end":{"line":151,"column":3}},"loc":{"start":{"line":151,"column":60},"end":{"line":165,"column":3}},"line":151},"28":{"name":"(anonymous_28)","decl":{"start":{"line":163,"column":6},"end":{"line":163,"column":7}},"loc":{"start":{"line":163,"column":20},"end":{"line":163,"column":29}},"line":163},"29":{"name":"(anonymous_29)","decl":{"start":{"line":167,"column":2},"end":{"line":167,"column":3}},"loc":{"start":{"line":167,"column":42},"end":{"line":177,"column":3}},"line":167},"30":{"name":"(anonymous_30)","decl":{"start":{"line":179,"column":2},"end":{"line":179,"column":3}},"loc":{"start":{"line":179,"column":65},"end":{"line":187,"column":3}},"line":179}},"branchMap":{"0":{"loc":{"start":{"line":23,"column":53},"end":{"line":23,"column":68}},"type":"default-arg","locations":[{"start":{"line":23,"column":63},"end":{"line":23,"column":68}}],"line":23},"1":{"loc":{"start":{"line":41,"column":51},"end":{"line":41,"column":66}},"type":"default-arg","locations":[{"start":{"line":41,"column":61},"end":{"line":41,"column":66}}],"line":41},"2":{"loc":{"start":{"line":105,"column":40},"end":{"line":105,"column":55}},"type":"default-arg","locations":[{"start":{"line":105,"column":51},"end":{"line":105,"column":55}}],"line":105},"3":{"loc":{"start":{"line":110,"column":4},"end":{"line":112,"column":5}},"type":"if","locations":[{"start":{"line":110,"column":4},"end":{"line":112,"column":5}},{"start":{"line":110,"column":4},"end":{"line":112,"column":5}}],"line":110},"4":{"loc":{"start":{"line":157,"column":4},"end":{"line":160,"column":5}},"type":"if","locations":[{"start":{"line":157,"column":4},"end":{"line":160,"column":5}},{"start":{"line":157,"column":4},"end":{"line":160,"column":5}}],"line":157},"5":{"loc":{"start":{"line":157,"column":8},"end":{"line":157,"column":18}},"type":"binary-expr","locations":[{"start":{"line":157,"column":8},"end":{"line":157,"column":12}},{"start":{"line":157,"column":16},"end":{"line":157,"column":18}}],"line":157}},"s":{"0":1,"1":1,"2":0,"3":0,"4":0,"5":1,"6":1,"7":0,"8":0,"9":0,"10":0,"11":0,"12":0,"13":0,"14":0,"15":1,"16":1,"17":0,"18":0,"19":0,"20":1,"21":1,"22":0,"23":0,"24":1,"25":1,"26":0,"27":0,"28":0,"29":2,"30":2,"31":0,"32":2,"33":0,"34":0,"35":0,"36":1,"37":1,"38":0,"39":0,"40":0,"41":0,"42":0,"43":0,"44":0,"45":2,"46":2,"47":1,"48":1,"49":2,"50":0,"51":1,"52":1,"53":1,"54":1,"55":1,"56":1,"57":1,"58":1,"59":1,"60":1,"61":1,"62":1,"63":1,"64":1,"65":1,"66":1},"f":{"0":1,"1":0,"2":0,"3":1,"4":0,"5":0,"6":0,"7":0,"8":0,"9":1,"10":0,"11":0,"12":1,"13":0,"14":0,"15":1,"16":0,"17":0,"18":2,"19":0,"20":0,"21":1,"22":0,"23":0,"24":0,"25":0,"26":0,"27":2,"28":0,"29":1,"30":1},"b":{"0":[1],"1":[0],"2":[2],"3":[0,2],"4":[1,1],"5":[2,1]},"_coverageSchema":"1a1c01bbd47fc00a2c39e90264f33305004495a9","hash":"70abb9cc6ffbdc86e74b8ae98a0642c1009419c0"}
,"/Users/nathanbrenner/repos/work/anion/lib/reports/reports.structs.js": {"path":"/Users/nathanbrenner/repos/work/anion/lib/reports/reports.structs.js","statementMap":{"0":{"start":{"line":7,"column":30},"end":{"line":12,"column":1}},"1":{"start":{"line":14,"column":23},"end":{"line":14,"column":46}},"2":{"start":{"line":16,"column":29},"end":{"line":45,"column":1}},"3":{"start":{"line":47,"column":30},"end":{"line":52,"column":1}},"4":{"start":{"line":54,"column":22},"end":{"line":62,"column":1}},"5":{"start":{"line":64,"column":31},"end":{"line":71,"column":1}},"6":{"start":{"line":73,"column":28},"end":{"line":82,"column":1}},"7":{"start":{"line":84,"column":39},"end":{"line":89,"column":1}},"8":{"start":{"line":91,"column":31},"end":{"line":99,"column":1}},"9":{"start":{"line":101,"column":32},"end":{"line":106,"column":1}}},"fnMap":{},"branchMap":{},"s":{"0":1,"1":1,"2":1,"3":1,"4":1,"5":1,"6":1,"7":1,"8":1,"9":1},"f":{},"b":{},"_coverageSchema":"1a1c01bbd47fc00a2c39e90264f33305004495a9","hash":"1756eff690dca57df53fddf3d0b6ea1ab97293b2"}
,"/Users/nathanbrenner/repos/work/anion/lib/rulesets/ruleset.structs.js": {"path":"/Users/nathanbrenner/repos/work/anion/lib/rulesets/ruleset.structs.js","statementMap":{"0":{"start":{"line":3,"column":37},"end":{"line":13,"column":1}},"1":{"start":{"line":14,"column":24},"end":{"line":23,"column":1}},"2":{"start":{"line":25,"column":13},"end":{"line":32,"column":1}},"3":{"start":{"line":34,"column":30},"end":{"line":40,"column":1}},"4":{"start":{"line":42,"column":23},"end":{"line":52,"column":1}},"5":{"start":{"line":54,"column":24},"end":{"line":59,"column":1}},"6":{"start":{"line":61,"column":20},"end":{"line":71,"column":1}},"7":{"start":{"line":73,"column":21},"end":{"line":73,"column":62}}},"fnMap":{},"branchMap":{},"s":{"0":1,"1":1,"2":1,"3":1,"4":1,"5":1,"6":1,"7":1},"f":{},"b":{},"_coverageSchema":"1a1c01bbd47fc00a2c39e90264f33305004495a9","hash":"847b761b6a5289fdc1ec7e1260ff604af2f50339"}
,"/Users/nathanbrenner/repos/work/anion/lib/rulesets/rulesets.js": {"path":"/Users/nathanbrenner/repos/work/anion/lib/rulesets/rulesets.js","statementMap":{"0":{"start":{"line":7,"column":19},"end":{"line":11,"column":6}},"1":{"start":{"line":12,"column":4},"end":{"line":19,"column":8}},"2":{"start":{"line":14,"column":8},"end":{"line":14,"column":48}},"3":{"start":{"line":15,"column":8},"end":{"line":15,"column":24}},"4":{"start":{"line":18,"column":8},"end":{"line":18,"column":19}},"5":{"start":{"line":23,"column":19},"end":{"line":26,"column":6}},"6":{"start":{"line":27,"column":4},"end":{"line":38,"column":8}},"7":{"start":{"line":33,"column":8},"end":{"line":33,"column":48}},"8":{"start":{"line":34,"column":8},"end":{"line":34,"column":24}},"9":{"start":{"line":37,"column":8},"end":{"line":37,"column":19}},"10":{"start":{"line":42,"column":19},"end":{"line":42,"column":65}},"11":{"start":{"line":44,"column":4},"end":{"line":47,"column":5}},"12":{"start":{"line":45,"column":6},"end":{"line":45,"column":33}},"13":{"start":{"line":46,"column":6},"end":{"line":46,"column":29}},"14":{"start":{"line":49,"column":4},"end":{"line":53,"column":5}},"15":{"start":{"line":51,"column":8},"end":{"line":51,"column":19}},"16":{"start":{"line":57,"column":19},"end":{"line":57,"column":67}},"17":{"start":{"line":58,"column":4},"end":{"line":62,"column":5}},"18":{"start":{"line":60,"column":8},"end":{"line":60,"column":19}},"19":{"start":{"line":66,"column":19},"end":{"line":66,"column":46}},"20":{"start":{"line":67,"column":4},"end":{"line":71,"column":5}},"21":{"start":{"line":69,"column":8},"end":{"line":69,"column":19}},"22":{"start":{"line":75,"column":19},"end":{"line":75,"column":59}},"23":{"start":{"line":76,"column":4},"end":{"line":83,"column":8}},"24":{"start":{"line":78,"column":8},"end":{"line":78,"column":30}},"25":{"start":{"line":79,"column":8},"end":{"line":79,"column":24}},"26":{"start":{"line":82,"column":8},"end":{"line":82,"column":19}},"27":{"start":{"line":87,"column":4},"end":{"line":94,"column":8}},"28":{"start":{"line":89,"column":8},"end":{"line":89,"column":27}},"29":{"start":{"line":90,"column":8},"end":{"line":90,"column":24}},"30":{"start":{"line":93,"column":8},"end":{"line":93,"column":19}},"31":{"start":{"line":98,"column":17},"end":{"line":103,"column":5}},"32":{"start":{"line":104,"column":4},"end":{"line":104,"column":77}},"33":{"start":{"line":108,"column":19},"end":{"line":111,"column":6}},"34":{"start":{"line":113,"column":4},"end":{"line":113,"column":71}},"35":{"start":{"line":117,"column":34},"end":{"line":117,"column":75}},"36":{"start":{"line":119,"column":2},"end":{"line":119,"column":49}},"37":{"start":{"line":120,"column":34},"end":{"line":120,"column":65}},"38":{"start":{"line":121,"column":27},"end":{"line":121,"column":51}},"39":{"start":{"line":122,"column":28},"end":{"line":122,"column":53}},"40":{"start":{"line":123,"column":25},"end":{"line":123,"column":47}},"41":{"start":{"line":124,"column":30},"end":{"line":124,"column":57}},"42":{"start":{"line":125,"column":33},"end":{"line":125,"column":63}},"43":{"start":{"line":126,"column":31},"end":{"line":126,"column":58}}},"fnMap":{"0":{"name":"(anonymous_0)","decl":{"start":{"line":6,"column":2},"end":{"line":6,"column":3}},"loc":{"start":{"line":6,"column":62},"end":{"line":20,"column":3}},"line":6},"1":{"name":"(anonymous_1)","decl":{"start":{"line":13,"column":12},"end":{"line":13,"column":13}},"loc":{"start":{"line":13,"column":26},"end":{"line":16,"column":7}},"line":13},"2":{"name":"(anonymous_2)","decl":{"start":{"line":17,"column":13},"end":{"line":17,"column":14}},"loc":{"start":{"line":17,"column":22},"end":{"line":19,"column":7}},"line":17},"3":{"name":"(anonymous_3)","decl":{"start":{"line":22,"column":2},"end":{"line":22,"column":3}},"loc":{"start":{"line":22,"column":70},"end":{"line":39,"column":3}},"line":22},"4":{"name":"(anonymous_4)","decl":{"start":{"line":32,"column":12},"end":{"line":32,"column":13}},"loc":{"start":{"line":32,"column":26},"end":{"line":35,"column":7}},"line":32},"5":{"name":"(anonymous_5)","decl":{"start":{"line":36,"column":13},"end":{"line":36,"column":14}},"loc":{"start":{"line":36,"column":22},"end":{"line":38,"column":7}},"line":36},"6":{"name":"(anonymous_6)","decl":{"start":{"line":41,"column":2},"end":{"line":41,"column":3}},"loc":{"start":{"line":41,"column":52},"end":{"line":54,"column":3}},"line":41},"7":{"name":"(anonymous_7)","decl":{"start":{"line":50,"column":6},"end":{"line":50,"column":7}},"loc":{"start":{"line":50,"column":20},"end":{"line":52,"column":7}},"line":50},"8":{"name":"(anonymous_8)","decl":{"start":{"line":56,"column":2},"end":{"line":56,"column":3}},"loc":{"start":{"line":56,"column":36},"end":{"line":63,"column":3}},"line":56},"9":{"name":"(anonymous_9)","decl":{"start":{"line":59,"column":6},"end":{"line":59,"column":7}},"loc":{"start":{"line":59,"column":20},"end":{"line":61,"column":7}},"line":59},"10":{"name":"(anonymous_10)","decl":{"start":{"line":65,"column":2},"end":{"line":65,"column":3}},"loc":{"start":{"line":65,"column":34},"end":{"line":72,"column":3}},"line":65},"11":{"name":"(anonymous_11)","decl":{"start":{"line":68,"column":6},"end":{"line":68,"column":7}},"loc":{"start":{"line":68,"column":20},"end":{"line":70,"column":7}},"line":68},"12":{"name":"(anonymous_12)","decl":{"start":{"line":74,"column":2},"end":{"line":74,"column":3}},"loc":{"start":{"line":74,"column":33},"end":{"line":84,"column":3}},"line":74},"13":{"name":"(anonymous_13)","decl":{"start":{"line":77,"column":12},"end":{"line":77,"column":13}},"loc":{"start":{"line":77,"column":26},"end":{"line":80,"column":7}},"line":77},"14":{"name":"(anonymous_14)","decl":{"start":{"line":81,"column":13},"end":{"line":81,"column":14}},"loc":{"start":{"line":81,"column":22},"end":{"line":83,"column":7}},"line":81},"15":{"name":"(anonymous_15)","decl":{"start":{"line":86,"column":2},"end":{"line":86,"column":3}},"loc":{"start":{"line":86,"column":20},"end":{"line":95,"column":3}},"line":86},"16":{"name":"(anonymous_16)","decl":{"start":{"line":88,"column":12},"end":{"line":88,"column":13}},"loc":{"start":{"line":88,"column":26},"end":{"line":91,"column":7}},"line":88},"17":{"name":"(anonymous_17)","decl":{"start":{"line":92,"column":13},"end":{"line":92,"column":14}},"loc":{"start":{"line":92,"column":22},"end":{"line":94,"column":7}},"line":92},"18":{"name":"(anonymous_18)","decl":{"start":{"line":97,"column":2},"end":{"line":97,"column":3}},"loc":{"start":{"line":97,"column":63},"end":{"line":105,"column":3}},"line":97},"19":{"name":"(anonymous_19)","decl":{"start":{"line":107,"column":2},"end":{"line":107,"column":3}},"loc":{"start":{"line":107,"column":46},"end":{"line":114,"column":3}},"line":107}},"branchMap":{"0":{"loc":{"start":{"line":44,"column":4},"end":{"line":47,"column":5}},"type":"if","locations":[{"start":{"line":44,"column":4},"end":{"line":47,"column":5}},{"start":{"line":44,"column":4},"end":{"line":47,"column":5}}],"line":44},"1":{"loc":{"start":{"line":44,"column":8},"end":{"line":44,"column":18}},"type":"binary-expr","locations":[{"start":{"line":44,"column":8},"end":{"line":44,"column":12}},{"start":{"line":44,"column":16},"end":{"line":44,"column":18}}],"line":44}},"s":{"0":1,"1":1,"2":0,"3":0,"4":0,"5":0,"6":0,"7":0,"8":0,"9":0,"10":2,"11":2,"12":1,"13":1,"14":2,"15":0,"16":1,"17":1,"18":0,"19":0,"20":0,"21":0,"22":0,"23":0,"24":0,"25":0,"26":0,"27":0,"28":0,"29":0,"30":0,"31":0,"32":0,"33":1,"34":1,"35":1,"36":1,"37":1,"38":1,"39":1,"40":1,"41":1,"42":1,"43":1},"f":{"0":1,"1":0,"2":0,"3":0,"4":0,"5":0,"6":2,"7":0,"8":1,"9":0,"10":0,"11":0,"12":0,"13":0,"14":0,"15":0,"16":0,"17":0,"18":0,"19":1},"b":{"0":[1,1],"1":[2,1]},"_coverageSchema":"1a1c01bbd47fc00a2c39e90264f33305004495a9","hash":"ee207ddd7547ceeba77690e659d06b3ad3ea04c5"}
,"/Users/nathanbrenner/repos/work/anion/lib/scanner/scanner.js": {"path":"/Users/nathanbrenner/repos/work/anion/lib/scanner/scanner.js","statementMap":{"0":{"start":{"line":7,"column":19},"end":{"line":11,"column":6}},"1":{"start":{"line":13,"column":4},"end":{"line":20,"column":8}},"2":{"start":{"line":15,"column":8},"end":{"line":15,"column":33}},"3":{"start":{"line":16,"column":8},"end":{"line":16,"column":24}},"4":{"start":{"line":19,"column":8},"end":{"line":19,"column":19}},"5":{"start":{"line":24,"column":19},"end":{"line":27,"column":6}},"6":{"start":{"line":29,"column":4},"end":{"line":36,"column":8}},"7":{"start":{"line":31,"column":8},"end":{"line":31,"column":33}},"8":{"start":{"line":32,"column":8},"end":{"line":32,"column":24}},"9":{"start":{"line":35,"column":8},"end":{"line":35,"column":19}},"10":{"start":{"line":40,"column":19},"end":{"line":43,"column":6}},"11":{"start":{"line":45,"column":4},"end":{"line":52,"column":8}},"12":{"start":{"line":47,"column":8},"end":{"line":47,"column":33}},"13":{"start":{"line":48,"column":8},"end":{"line":48,"column":24}},"14":{"start":{"line":51,"column":8},"end":{"line":51,"column":19}},"15":{"start":{"line":56,"column":17},"end":{"line":59,"column":5}},"16":{"start":{"line":61,"column":4},"end":{"line":65,"column":8}},"17":{"start":{"line":62,"column":26},"end":{"line":62,"column":30}},"18":{"start":{"line":64,"column":8},"end":{"line":64,"column":19}},"19":{"start":{"line":69,"column":4},"end":{"line":69,"column":79}},"20":{"start":{"line":73,"column":13},"end":{"line":73,"column":26}},"21":{"start":{"line":74,"column":34},"end":{"line":74,"column":60}},"22":{"start":{"line":75,"column":40},"end":{"line":75,"column":72}},"23":{"start":{"line":76,"column":40},"end":{"line":76,"column":72}},"24":{"start":{"line":77,"column":31},"end":{"line":77,"column":54}},"25":{"start":{"line":78,"column":32},"end":{"line":78,"column":56}}},"fnMap":{"0":{"name":"(anonymous_0)","decl":{"start":{"line":6,"column":2},"end":{"line":6,"column":3}},"loc":{"start":{"line":6,"column":54},"end":{"line":21,"column":3}},"line":6},"1":{"name":"(anonymous_1)","decl":{"start":{"line":14,"column":12},"end":{"line":14,"column":13}},"loc":{"start":{"line":14,"column":26},"end":{"line":17,"column":7}},"line":14},"2":{"name":"(anonymous_2)","decl":{"start":{"line":18,"column":13},"end":{"line":18,"column":14}},"loc":{"start":{"line":18,"column":22},"end":{"line":20,"column":7}},"line":18},"3":{"name":"(anonymous_3)","decl":{"start":{"line":23,"column":2},"end":{"line":23,"column":3}},"loc":{"start":{"line":23,"column":52},"end":{"line":37,"column":3}},"line":23},"4":{"name":"(anonymous_4)","decl":{"start":{"line":30,"column":12},"end":{"line":30,"column":13}},"loc":{"start":{"line":30,"column":26},"end":{"line":33,"column":7}},"line":30},"5":{"name":"(anonymous_5)","decl":{"start":{"line":34,"column":13},"end":{"line":34,"column":14}},"loc":{"start":{"line":34,"column":22},"end":{"line":36,"column":7}},"line":34},"6":{"name":"(anonymous_6)","decl":{"start":{"line":39,"column":2},"end":{"line":39,"column":3}},"loc":{"start":{"line":39,"column":56},"end":{"line":53,"column":3}},"line":39},"7":{"name":"(anonymous_7)","decl":{"start":{"line":46,"column":12},"end":{"line":46,"column":13}},"loc":{"start":{"line":46,"column":26},"end":{"line":49,"column":7}},"line":46},"8":{"name":"(anonymous_8)","decl":{"start":{"line":50,"column":13},"end":{"line":50,"column":14}},"loc":{"start":{"line":50,"column":22},"end":{"line":52,"column":7}},"line":50},"9":{"name":"(anonymous_9)","decl":{"start":{"line":55,"column":2},"end":{"line":55,"column":3}},"loc":{"start":{"line":55,"column":47},"end":{"line":66,"column":3}},"line":55},"10":{"name":"(anonymous_10)","decl":{"start":{"line":62,"column":12},"end":{"line":62,"column":13}},"loc":{"start":{"line":62,"column":26},"end":{"line":62,"column":30}},"line":62},"11":{"name":"(anonymous_11)","decl":{"start":{"line":63,"column":13},"end":{"line":63,"column":14}},"loc":{"start":{"line":63,"column":22},"end":{"line":65,"column":7}},"line":63},"12":{"name":"(anonymous_12)","decl":{"start":{"line":68,"column":2},"end":{"line":68,"column":3}},"loc":{"start":{"line":68,"column":31},"end":{"line":70,"column":3}},"line":68}},"branchMap":{},"s":{"0":1,"1":1,"2":0,"3":0,"4":0,"5":0,"6":0,"7":0,"8":0,"9":0,"10":1,"11":1,"12":0,"13":0,"14":0,"15":1,"16":1,"17":0,"18":0,"19":1,"20":1,"21":1,"22":1,"23":1,"24":1,"25":1},"f":{"0":1,"1":0,"2":0,"3":0,"4":0,"5":0,"6":1,"7":0,"8":0,"9":1,"10":0,"11":0,"12":1},"b":{},"_coverageSchema":"1a1c01bbd47fc00a2c39e90264f33305004495a9","hash":"2aca4ac3334da8d5f8a0c89cff0f85b19a1d860b"}
,"/Users/nathanbrenner/repos/work/anion/lib/scanner/scanner.structs.js": {"path":"/Users/nathanbrenner/repos/work/anion/lib/scanner/scanner.structs.js","statementMap":{"0":{"start":{"line":3,"column":24},"end":{"line":19,"column":1}},"1":{"start":{"line":21,"column":26},"end":{"line":35,"column":1}},"2":{"start":{"line":37,"column":30},"end":{"line":51,"column":1}}},"fnMap":{},"branchMap":{},"s":{"0":1,"1":1,"2":1},"f":{},"b":{},"_coverageSchema":"1a1c01bbd47fc00a2c39e90264f33305004495a9","hash":"8c0583c19e327001aaaef9c88e12e2f2e9454e8f"}
,"/Users/nathanbrenner/repos/work/anion/lib/searches/searches.js": {"path":"/Users/nathanbrenner/repos/work/anion/lib/searches/searches.js","statementMap":{"0":{"start":{"line":7,"column":19},"end":{"line":9,"column":6}},"1":{"start":{"line":11,"column":4},"end":{"line":13,"column":5}},"2":{"start":{"line":12,"column":6},"end":{"line":12,"column":28}},"3":{"start":{"line":15,"column":4},"end":{"line":17,"column":5}},"4":{"start":{"line":16,"column":6},"end":{"line":16,"column":34}},"5":{"start":{"line":19,"column":4},"end":{"line":21,"column":5}},"6":{"start":{"line":20,"column":6},"end":{"line":20,"column":32}},"7":{"start":{"line":23,"column":4},"end":{"line":30,"column":8}},"8":{"start":{"line":25,"column":8},"end":{"line":25,"column":35}},"9":{"start":{"line":26,"column":8},"end":{"line":26,"column":54}},"10":{"start":{"line":29,"column":8},"end":{"line":29,"column":19}},"11":{"start":{"line":34,"column":23},"end":{"line":34,"column":35}}},"fnMap":{"0":{"name":"(anonymous_0)","decl":{"start":{"line":6,"column":2},"end":{"line":6,"column":3}},"loc":{"start":{"line":6,"column":43},"end":{"line":31,"column":3}},"line":6},"1":{"name":"(anonymous_1)","decl":{"start":{"line":24,"column":12},"end":{"line":24,"column":13}},"loc":{"start":{"line":24,"column":26},"end":{"line":27,"column":7}},"line":24},"2":{"name":"(anonymous_2)","decl":{"start":{"line":28,"column":13},"end":{"line":28,"column":14}},"loc":{"start":{"line":28,"column":22},"end":{"line":30,"column":7}},"line":28}},"branchMap":{"0":{"loc":{"start":{"line":11,"column":4},"end":{"line":13,"column":5}},"type":"if","locations":[{"start":{"line":11,"column":4},"end":{"line":13,"column":5}},{"start":{"line":11,"column":4},"end":{"line":13,"column":5}}],"line":11},"1":{"loc":{"start":{"line":15,"column":4},"end":{"line":17,"column":5}},"type":"if","locations":[{"start":{"line":15,"column":4},"end":{"line":17,"column":5}},{"start":{"line":15,"column":4},"end":{"line":17,"column":5}}],"line":15},"2":{"loc":{"start":{"line":15,"column":8},"end":{"line":15,"column":30}},"type":"binary-expr","locations":[{"start":{"line":15,"column":8},"end":{"line":15,"column":14}},{"start":{"line":15,"column":18},"end":{"line":15,"column":30}}],"line":15},"3":{"loc":{"start":{"line":19,"column":4},"end":{"line":21,"column":5}},"type":"if","locations":[{"start":{"line":19,"column":4},"end":{"line":21,"column":5}},{"start":{"line":19,"column":4},"end":{"line":21,"column":5}}],"line":19}},"s":{"0":3,"1":3,"2":1,"3":3,"4":2,"5":3,"6":2,"7":3,"8":0,"9":0,"10":0,"11":1},"f":{"0":3,"1":0,"2":0},"b":{"0":[1,2],"1":[2,1],"2":[3,3],"3":[2,1]},"_coverageSchema":"1a1c01bbd47fc00a2c39e90264f33305004495a9","hash":"ea08dc30bc8f584c7fde6fe9a77abb9854608d6c"}
,"/Users/nathanbrenner/repos/work/anion/lib/searches/searches.structs.js": {"path":"/Users/nathanbrenner/repos/work/anion/lib/searches/searches.structs.js","statementMap":{"0":{"start":{"line":3,"column":22},"end":{"line":20,"column":2}},"1":{"start":{"line":22,"column":24},"end":{"line":22,"column":38}}},"fnMap":{},"branchMap":{},"s":{"0":1,"1":1},"f":{},"b":{},"_coverageSchema":"1a1c01bbd47fc00a2c39e90264f33305004495a9","hash":"d00d5e2735b7d6903f91b9569769c025f0d24d7d"}
,"/Users/nathanbrenner/repos/work/anion/lib/tags/tags.structs.js": {"path":"/Users/nathanbrenner/repos/work/anion/lib/tags/tags.structs.js","statementMap":{"0":{"start":{"line":3,"column":19},"end":{"line":13,"column":1}}},"fnMap":{},"branchMap":{},"s":{"0":2},"f":{},"b":{},"_coverageSchema":"1a1c01bbd47fc00a2c39e90264f33305004495a9","hash":"ca77780ddbbb3640f5f543bd101de395bbba26e4"}
,"/Users/nathanbrenner/repos/work/anion/lib/teams/teams.js": {"path":"/Users/nathanbrenner/repos/work/anion/lib/teams/teams.js","statementMap":{"0":{"start":{"line":7,"column":19},"end":{"line":9,"column":6}},"1":{"start":{"line":11,"column":4},"end":{"line":18,"column":8}},"2":{"start":{"line":13,"column":8},"end":{"line":13,"column":31}},"3":{"start":{"line":14,"column":8},"end":{"line":14,"column":51}},"4":{"start":{"line":17,"column":8},"end":{"line":17,"column":19}},"5":{"start":{"line":22,"column":4},"end":{"line":29,"column":8}},"6":{"start":{"line":24,"column":8},"end":{"line":24,"column":27}},"7":{"start":{"line":25,"column":8},"end":{"line":25,"column":52}},"8":{"start":{"line":28,"column":8},"end":{"line":28,"column":19}},"9":{"start":{"line":33,"column":19},"end":{"line":35,"column":6}},"10":{"start":{"line":37,"column":4},"end":{"line":44,"column":8}},"11":{"start":{"line":39,"column":8},"end":{"line":39,"column":31}},"12":{"start":{"line":40,"column":8},"end":{"line":40,"column":24}},"13":{"start":{"line":43,"column":8},"end":{"line":43,"column":19}},"14":{"start":{"line":48,"column":20},"end":{"line":50,"column":5}},"15":{"start":{"line":52,"column":17},"end":{"line":54,"column":5}},"16":{"start":{"line":56,"column":4},"end":{"line":60,"column":8}},"17":{"start":{"line":57,"column":26},"end":{"line":57,"column":30}},"18":{"start":{"line":59,"column":8},"end":{"line":59,"column":19}},"19":{"start":{"line":64,"column":20},"end":{"line":66,"column":5}},"20":{"start":{"line":68,"column":19},"end":{"line":70,"column":6}},"21":{"start":{"line":72,"column":4},"end":{"line":76,"column":8}},"22":{"start":{"line":73,"column":26},"end":{"line":73,"column":30}},"23":{"start":{"line":75,"column":8},"end":{"line":75,"column":19}},"24":{"start":{"line":80,"column":17},"end":{"line":83,"column":5}},"25":{"start":{"line":85,"column":4},"end":{"line":89,"column":5}},"26":{"start":{"line":86,"column":6},"end":{"line":86,"column":27}},"27":{"start":{"line":87,"column":11},"end":{"line":89,"column":5}},"28":{"start":{"line":88,"column":6},"end":{"line":88,"column":24}},"29":{"start":{"line":91,"column":4},"end":{"line":95,"column":8}},"30":{"start":{"line":92,"column":26},"end":{"line":92,"column":35}},"31":{"start":{"line":94,"column":8},"end":{"line":94,"column":19}},"32":{"start":{"line":99,"column":17},"end":{"line":101,"column":5}},"33":{"start":{"line":103,"column":4},"end":{"line":112,"column":8}},"34":{"start":{"line":109,"column":26},"end":{"line":109,"column":35}},"35":{"start":{"line":111,"column":8},"end":{"line":111,"column":19}},"36":{"start":{"line":116,"column":17},"end":{"line":118,"column":5}},"37":{"start":{"line":120,"column":4},"end":{"line":124,"column":8}},"38":{"start":{"line":121,"column":26},"end":{"line":121,"column":35}},"39":{"start":{"line":123,"column":8},"end":{"line":123,"column":19}},"40":{"start":{"line":128,"column":19},"end":{"line":128,"column":46}},"41":{"start":{"line":129,"column":17},"end":{"line":134,"column":5}},"42":{"start":{"line":136,"column":4},"end":{"line":143,"column":8}},"43":{"start":{"line":138,"column":8},"end":{"line":138,"column":31}},"44":{"start":{"line":139,"column":8},"end":{"line":139,"column":24}},"45":{"start":{"line":142,"column":8},"end":{"line":142,"column":19}},"46":{"start":{"line":147,"column":4},"end":{"line":157,"column":8}},"47":{"start":{"line":153,"column":8},"end":{"line":153,"column":24}},"48":{"start":{"line":156,"column":8},"end":{"line":156,"column":19}},"49":{"start":{"line":161,"column":17},"end":{"line":167,"column":5}},"50":{"start":{"line":169,"column":4},"end":{"line":176,"column":8}},"51":{"start":{"line":171,"column":8},"end":{"line":171,"column":31}},"52":{"start":{"line":172,"column":8},"end":{"line":172,"column":24}},"53":{"start":{"line":175,"column":8},"end":{"line":175,"column":19}},"54":{"start":{"line":180,"column":24},"end":{"line":180,"column":43}},"55":{"start":{"line":181,"column":25},"end":{"line":181,"column":45}},"56":{"start":{"line":182,"column":27},"end":{"line":182,"column":49}},"57":{"start":{"line":183,"column":27},"end":{"line":183,"column":52}},"58":{"start":{"line":185,"column":33},"end":{"line":185,"column":61}},"59":{"start":{"line":186,"column":31},"end":{"line":186,"column":61}},"60":{"start":{"line":187,"column":30},"end":{"line":187,"column":55}},"61":{"start":{"line":188,"column":29},"end":{"line":188,"column":57}},"62":{"start":{"line":189,"column":31},"end":{"line":189,"column":61}},"63":{"start":{"line":190,"column":37},"end":{"line":190,"column":65}},"64":{"start":{"line":191,"column":31},"end":{"line":191,"column":61}}},"fnMap":{"0":{"name":"(anonymous_0)","decl":{"start":{"line":6,"column":2},"end":{"line":6,"column":3}},"loc":{"start":{"line":6,"column":25},"end":{"line":19,"column":3}},"line":6},"1":{"name":"(anonymous_1)","decl":{"start":{"line":12,"column":12},"end":{"line":12,"column":13}},"loc":{"start":{"line":12,"column":26},"end":{"line":15,"column":7}},"line":12},"2":{"name":"(anonymous_2)","decl":{"start":{"line":16,"column":13},"end":{"line":16,"column":14}},"loc":{"start":{"line":16,"column":22},"end":{"line":18,"column":7}},"line":16},"3":{"name":"(anonymous_3)","decl":{"start":{"line":21,"column":2},"end":{"line":21,"column":3}},"loc":{"start":{"line":21,"column":20},"end":{"line":30,"column":3}},"line":21},"4":{"name":"(anonymous_4)","decl":{"start":{"line":23,"column":12},"end":{"line":23,"column":13}},"loc":{"start":{"line":23,"column":26},"end":{"line":26,"column":7}},"line":23},"5":{"name":"(anonymous_5)","decl":{"start":{"line":27,"column":13},"end":{"line":27,"column":14}},"loc":{"start":{"line":27,"column":22},"end":{"line":29,"column":7}},"line":27},"6":{"name":"(anonymous_6)","decl":{"start":{"line":32,"column":2},"end":{"line":32,"column":3}},"loc":{"start":{"line":32,"column":34},"end":{"line":45,"column":3}},"line":32},"7":{"name":"(anonymous_7)","decl":{"start":{"line":38,"column":12},"end":{"line":38,"column":13}},"loc":{"start":{"line":38,"column":26},"end":{"line":41,"column":7}},"line":38},"8":{"name":"(anonymous_8)","decl":{"start":{"line":42,"column":13},"end":{"line":42,"column":14}},"loc":{"start":{"line":42,"column":22},"end":{"line":44,"column":7}},"line":42},"9":{"name":"(anonymous_9)","decl":{"start":{"line":47,"column":2},"end":{"line":47,"column":3}},"loc":{"start":{"line":47,"column":37},"end":{"line":61,"column":3}},"line":47},"10":{"name":"(anonymous_10)","decl":{"start":{"line":57,"column":12},"end":{"line":57,"column":13}},"loc":{"start":{"line":57,"column":26},"end":{"line":57,"column":30}},"line":57},"11":{"name":"(anonymous_11)","decl":{"start":{"line":58,"column":13},"end":{"line":58,"column":14}},"loc":{"start":{"line":58,"column":22},"end":{"line":60,"column":7}},"line":58},"12":{"name":"(anonymous_12)","decl":{"start":{"line":63,"column":2},"end":{"line":63,"column":3}},"loc":{"start":{"line":63,"column":34},"end":{"line":77,"column":3}},"line":63},"13":{"name":"(anonymous_13)","decl":{"start":{"line":73,"column":12},"end":{"line":73,"column":13}},"loc":{"start":{"line":73,"column":26},"end":{"line":73,"column":30}},"line":73},"14":{"name":"(anonymous_14)","decl":{"start":{"line":74,"column":13},"end":{"line":74,"column":14}},"loc":{"start":{"line":74,"column":22},"end":{"line":76,"column":7}},"line":74},"15":{"name":"(anonymous_15)","decl":{"start":{"line":79,"column":2},"end":{"line":79,"column":3}},"loc":{"start":{"line":79,"column":57},"end":{"line":96,"column":3}},"line":79},"16":{"name":"(anonymous_16)","decl":{"start":{"line":92,"column":12},"end":{"line":92,"column":13}},"loc":{"start":{"line":92,"column":26},"end":{"line":92,"column":35}},"line":92},"17":{"name":"(anonymous_17)","decl":{"start":{"line":93,"column":13},"end":{"line":93,"column":14}},"loc":{"start":{"line":93,"column":22},"end":{"line":95,"column":7}},"line":93},"18":{"name":"(anonymous_18)","decl":{"start":{"line":98,"column":2},"end":{"line":98,"column":3}},"loc":{"start":{"line":98,"column":30},"end":{"line":113,"column":3}},"line":98},"19":{"name":"(anonymous_19)","decl":{"start":{"line":109,"column":12},"end":{"line":109,"column":13}},"loc":{"start":{"line":109,"column":26},"end":{"line":109,"column":35}},"line":109},"20":{"name":"(anonymous_20)","decl":{"start":{"line":110,"column":13},"end":{"line":110,"column":14}},"loc":{"start":{"line":110,"column":22},"end":{"line":112,"column":7}},"line":110},"21":{"name":"(anonymous_21)","decl":{"start":{"line":115,"column":2},"end":{"line":115,"column":3}},"loc":{"start":{"line":115,"column":32},"end":{"line":125,"column":3}},"line":115},"22":{"name":"(anonymous_22)","decl":{"start":{"line":121,"column":12},"end":{"line":121,"column":13}},"loc":{"start":{"line":121,"column":26},"end":{"line":121,"column":35}},"line":121},"23":{"name":"(anonymous_23)","decl":{"start":{"line":122,"column":13},"end":{"line":122,"column":14}},"loc":{"start":{"line":122,"column":22},"end":{"line":124,"column":7}},"line":122},"24":{"name":"(anonymous_24)","decl":{"start":{"line":127,"column":2},"end":{"line":127,"column":3}},"loc":{"start":{"line":127,"column":71},"end":{"line":144,"column":3}},"line":127},"25":{"name":"(anonymous_25)","decl":{"start":{"line":137,"column":12},"end":{"line":137,"column":13}},"loc":{"start":{"line":137,"column":26},"end":{"line":140,"column":7}},"line":137},"26":{"name":"(anonymous_26)","decl":{"start":{"line":141,"column":13},"end":{"line":141,"column":14}},"loc":{"start":{"line":141,"column":22},"end":{"line":143,"column":7}},"line":141},"27":{"name":"(anonymous_27)","decl":{"start":{"line":146,"column":2},"end":{"line":146,"column":3}},"loc":{"start":{"line":146,"column":50},"end":{"line":158,"column":3}},"line":146},"28":{"name":"(anonymous_28)","decl":{"start":{"line":152,"column":12},"end":{"line":152,"column":13}},"loc":{"start":{"line":152,"column":26},"end":{"line":154,"column":7}},"line":152},"29":{"name":"(anonymous_29)","decl":{"start":{"line":155,"column":13},"end":{"line":155,"column":14}},"loc":{"start":{"line":155,"column":22},"end":{"line":157,"column":7}},"line":155},"30":{"name":"(anonymous_30)","decl":{"start":{"line":160,"column":2},"end":{"line":160,"column":3}},"loc":{"start":{"line":160,"column":56},"end":{"line":177,"column":3}},"line":160},"31":{"name":"(anonymous_31)","decl":{"start":{"line":170,"column":12},"end":{"line":170,"column":13}},"loc":{"start":{"line":170,"column":26},"end":{"line":173,"column":7}},"line":170},"32":{"name":"(anonymous_32)","decl":{"start":{"line":174,"column":13},"end":{"line":174,"column":14}},"loc":{"start":{"line":174,"column":22},"end":{"line":176,"column":7}},"line":174}},"branchMap":{"0":{"loc":{"start":{"line":85,"column":4},"end":{"line":89,"column":5}},"type":"if","locations":[{"start":{"line":85,"column":4},"end":{"line":89,"column":5}},{"start":{"line":85,"column":4},"end":{"line":89,"column":5}}],"line":85},"1":{"loc":{"start":{"line":87,"column":11},"end":{"line":89,"column":5}},"type":"if","locations":[{"start":{"line":87,"column":11},"end":{"line":89,"column":5}},{"start":{"line":87,"column":11},"end":{"line":89,"column":5}}],"line":87}},"s":{"0":3,"1":3,"2":0,"3":0,"4":0,"5":2,"6":0,"7":0,"8":0,"9":1,"10":1,"11":0,"12":0,"13":0,"14":1,"15":1,"16":1,"17":0,"18":0,"19":1,"20":1,"21":1,"22":0,"23":0,"24":3,"25":3,"26":2,"27":1,"28":1,"29":3,"30":0,"31":0,"32":1,"33":1,"34":0,"35":0,"36":1,"37":1,"38":0,"39":0,"40":1,"41":1,"42":1,"43":0,"44":0,"45":0,"46":1,"47":0,"48":0,"49":1,"50":1,"51":0,"52":0,"53":0,"54":1,"55":1,"56":1,"57":1,"58":1,"59":1,"60":1,"61":1,"62":1,"63":1,"64":1},"f":{"0":3,"1":0,"2":0,"3":2,"4":0,"5":0,"6":1,"7":0,"8":0,"9":1,"10":0,"11":0,"12":1,"13":0,"14":0,"15":3,"16":0,"17":0,"18":1,"19":0,"20":0,"21":1,"22":0,"23":0,"24":1,"25":0,"26":0,"27":1,"28":0,"29":0,"30":1,"31":0,"32":0},"b":{"0":[2,1],"1":[1,0]},"_coverageSchema":"1a1c01bbd47fc00a2c39e90264f33305004495a9","hash":"427c1d17473765dd504724b92deb8c88f666b389"}
,"/Users/nathanbrenner/repos/work/anion/lib/teams/teams.structs.js": {"path":"/Users/nathanbrenner/repos/work/anion/lib/teams/teams.structs.js","statementMap":{"0":{"start":{"line":3,"column":20},"end":{"line":16,"column":1}},"1":{"start":{"line":18,"column":25},"end":{"line":31,"column":1}},"2":{"start":{"line":33,"column":21},"end":{"line":38,"column":1}},"3":{"start":{"line":40,"column":24},"end":{"line":40,"column":48}},"4":{"start":{"line":42,"column":25},"end":{"line":47,"column":1}}},"fnMap":{},"branchMap":{},"s":{"0":1,"1":1,"2":1,"3":1,"4":1},"f":{},"b":{},"_coverageSchema":"1a1c01bbd47fc00a2c39e90264f33305004495a9","hash":"2229a4c503f7aaf94b7de565ebb3644beced16f6"}
,"/Users/nathanbrenner/repos/work/anion/lib/tokens/tokens.js": {"path":"/Users/nathanbrenner/repos/work/anion/lib/tokens/tokens.js","statementMap":{"0":{"start":{"line":7,"column":19},"end":{"line":10,"column":6}},"1":{"start":{"line":12,"column":4},"end":{"line":21,"column":8}},"2":{"start":{"line":18,"column":26},"end":{"line":18,"column":30}},"3":{"start":{"line":20,"column":8},"end":{"line":20,"column":19}},"4":{"start":{"line":25,"column":19},"end":{"line":27,"column":6}},"5":{"start":{"line":29,"column":4},"end":{"line":36,"column":8}},"6":{"start":{"line":31,"column":8},"end":{"line":31,"column":28}},"7":{"start":{"line":32,"column":8},"end":{"line":32,"column":24}},"8":{"start":{"line":35,"column":8},"end":{"line":35,"column":19}},"9":{"start":{"line":40,"column":19},"end":{"line":40,"column":46}},"10":{"start":{"line":42,"column":4},"end":{"line":51,"column":8}},"11":{"start":{"line":48,"column":26},"end":{"line":48,"column":30}},"12":{"start":{"line":50,"column":8},"end":{"line":50,"column":19}},"13":{"start":{"line":55,"column":4},"end":{"line":59,"column":8}},"14":{"start":{"line":56,"column":19},"end":{"line":56,"column":22}},"15":{"start":{"line":58,"column":8},"end":{"line":58,"column":19}},"16":{"start":{"line":63,"column":32},"end":{"line":63,"column":54}},"17":{"start":{"line":64,"column":34},"end":{"line":64,"column":58}},"18":{"start":{"line":65,"column":34},"end":{"line":65,"column":58}},"19":{"start":{"line":66,"column":35},"end":{"line":66,"column":60}}},"fnMap":{"0":{"name":"(anonymous_0)","decl":{"start":{"line":6,"column":2},"end":{"line":6,"column":3}},"loc":{"start":{"line":6,"column":43},"end":{"line":22,"column":3}},"line":6},"1":{"name":"(anonymous_1)","decl":{"start":{"line":18,"column":12},"end":{"line":18,"column":13}},"loc":{"start":{"line":18,"column":26},"end":{"line":18,"column":30}},"line":18},"2":{"name":"(anonymous_2)","decl":{"start":{"line":19,"column":13},"end":{"line":19,"column":14}},"loc":{"start":{"line":19,"column":22},"end":{"line":21,"column":7}},"line":19},"3":{"name":"(anonymous_3)","decl":{"start":{"line":24,"column":2},"end":{"line":24,"column":3}},"loc":{"start":{"line":24,"column":36},"end":{"line":37,"column":3}},"line":24},"4":{"name":"(anonymous_4)","decl":{"start":{"line":30,"column":12},"end":{"line":30,"column":13}},"loc":{"start":{"line":30,"column":26},"end":{"line":33,"column":7}},"line":30},"5":{"name":"(anonymous_5)","decl":{"start":{"line":34,"column":13},"end":{"line":34,"column":14}},"loc":{"start":{"line":34,"column":22},"end":{"line":36,"column":7}},"line":34},"6":{"name":"(anonymous_6)","decl":{"start":{"line":39,"column":2},"end":{"line":39,"column":3}},"loc":{"start":{"line":39,"column":29},"end":{"line":52,"column":3}},"line":39},"7":{"name":"(anonymous_7)","decl":{"start":{"line":48,"column":12},"end":{"line":48,"column":13}},"loc":{"start":{"line":48,"column":26},"end":{"line":48,"column":30}},"line":48},"8":{"name":"(anonymous_8)","decl":{"start":{"line":49,"column":13},"end":{"line":49,"column":14}},"loc":{"start":{"line":49,"column":22},"end":{"line":51,"column":7}},"line":49},"9":{"name":"(anonymous_9)","decl":{"start":{"line":54,"column":2},"end":{"line":54,"column":3}},"loc":{"start":{"line":54,"column":24},"end":{"line":60,"column":3}},"line":54},"10":{"name":"(anonymous_10)","decl":{"start":{"line":56,"column":12},"end":{"line":56,"column":13}},"loc":{"start":{"line":56,"column":19},"end":{"line":56,"column":22}},"line":56},"11":{"name":"(anonymous_11)","decl":{"start":{"line":57,"column":13},"end":{"line":57,"column":14}},"loc":{"start":{"line":57,"column":22},"end":{"line":59,"column":7}},"line":57}},"branchMap":{"0":{"loc":{"start":{"line":6,"column":29},"end":{"line":6,"column":39}},"type":"default-arg","locations":[{"start":{"line":6,"column":35},"end":{"line":6,"column":39}}],"line":6},"1":{"loc":{"start":{"line":24,"column":21},"end":{"line":24,"column":32}},"type":"default-arg","locations":[{"start":{"line":24,"column":27},"end":{"line":24,"column":32}}],"line":24}},"s":{"0":1,"1":1,"2":0,"3":0,"4":1,"5":1,"6":0,"7":0,"8":0,"9":1,"10":1,"11":0,"12":0,"13":0,"14":0,"15":0,"16":1,"17":1,"18":1,"19":1},"f":{"0":1,"1":0,"2":0,"3":1,"4":0,"5":0,"6":1,"7":0,"8":0,"9":0,"10":0,"11":0},"b":{"0":[1],"1":[0]},"_coverageSchema":"1a1c01bbd47fc00a2c39e90264f33305004495a9","hash":"1eb547991ed86fc327dea8d30b8ac7c98001ff3f"}
,"/Users/nathanbrenner/repos/work/anion/lib/tokens/tokens.structs.js": {"path":"/Users/nathanbrenner/repos/work/anion/lib/tokens/tokens.structs.js","statementMap":{"0":{"start":{"line":3,"column":21},"end":{"line":13,"column":1}},"1":{"start":{"line":15,"column":22},"end":{"line":20,"column":1}}},"fnMap":{},"branchMap":{},"s":{"0":1,"1":1},"f":{},"b":{},"_coverageSchema":"1a1c01bbd47fc00a2c39e90264f33305004495a9","hash":"f18c4988abfde9506dd287e1675a41bfdfafa58f"}
,"/Users/nathanbrenner/repos/work/anion/lib/usage/usage.js": {"path":"/Users/nathanbrenner/repos/work/anion/lib/usage/usage.js","statementMap":{"0":{"start":{"line":6,"column":19},"end":{"line":6,"column":59}},"1":{"start":{"line":7,"column":4},"end":{"line":7,"column":58}},"2":{"start":{"line":11,"column":21},"end":{"line":11,"column":37}}},"fnMap":{"0":{"name":"(anonymous_0)","decl":{"start":{"line":5,"column":2},"end":{"line":5,"column":3}},"loc":{"start":{"line":5,"column":26},"end":{"line":8,"column":3}},"line":5}},"branchMap":{},"s":{"0":1,"1":1,"2":1},"f":{"0":1},"b":{},"_coverageSchema":"1a1c01bbd47fc00a2c39e90264f33305004495a9","hash":"ac5a3bfb3e528eb415f40885c62a7e45279807ec"}
,"/Users/nathanbrenner/repos/work/anion/lib/users/users.js": {"path":"/Users/nathanbrenner/repos/work/anion/lib/users/users.js","statementMap":{"0":{"start":{"line":7,"column":20},"end":{"line":11,"column":28}},"1":{"start":{"line":13,"column":4},"end":{"line":20,"column":8}},"2":{"start":{"line":15,"column":8},"end":{"line":15,"column":31}},"3":{"start":{"line":16,"column":8},"end":{"line":16,"column":24}},"4":{"start":{"line":19,"column":8},"end":{"line":19,"column":19}},"5":{"start":{"line":24,"column":17},"end":{"line":26,"column":5}},"6":{"start":{"line":28,"column":4},"end":{"line":32,"column":8}},"7":{"start":{"line":29,"column":26},"end":{"line":29,"column":30}},"8":{"start":{"line":31,"column":8},"end":{"line":31,"column":19}},"9":{"start":{"line":36,"column":17},"end":{"line":36,"column":19}},"10":{"start":{"line":38,"column":4},"end":{"line":40,"column":5}},"11":{"start":{"line":39,"column":6},"end":{"line":39,"column":30}},"12":{"start":{"line":42,"column":4},"end":{"line":44,"column":5}},"13":{"start":{"line":43,"column":6},"end":{"line":43,"column":30}},"14":{"start":{"line":46,"column":4},"end":{"line":48,"column":5}},"15":{"start":{"line":47,"column":6},"end":{"line":47,"column":55}},"16":{"start":{"line":50,"column":20},"end":{"line":52,"column":5}},"17":{"start":{"line":54,"column":4},"end":{"line":54,"column":68}},"18":{"start":{"line":58,"column":17},"end":{"line":60,"column":5}},"19":{"start":{"line":62,"column":4},"end":{"line":64,"column":5}},"20":{"start":{"line":63,"column":6},"end":{"line":63,"column":24}},"21":{"start":{"line":66,"column":4},"end":{"line":68,"column":5}},"22":{"start":{"line":67,"column":6},"end":{"line":67,"column":30}},"23":{"start":{"line":70,"column":4},"end":{"line":72,"column":5}},"24":{"start":{"line":71,"column":6},"end":{"line":71,"column":30}},"25":{"start":{"line":74,"column":20},"end":{"line":78,"column":28}},"26":{"start":{"line":80,"column":4},"end":{"line":86,"column":8}},"27":{"start":{"line":82,"column":8},"end":{"line":82,"column":24}},"28":{"start":{"line":85,"column":8},"end":{"line":85,"column":19}},"29":{"start":{"line":90,"column":4},"end":{"line":97,"column":8}},"30":{"start":{"line":92,"column":8},"end":{"line":92,"column":27}},"31":{"start":{"line":93,"column":8},"end":{"line":93,"column":24}},"32":{"start":{"line":96,"column":8},"end":{"line":96,"column":19}},"33":{"start":{"line":109,"column":17},"end":{"line":117,"column":5}},"34":{"start":{"line":118,"column":4},"end":{"line":118,"column":78}},"35":{"start":{"line":122,"column":29},"end":{"line":122,"column":48}},"36":{"start":{"line":123,"column":30},"end":{"line":123,"column":50}},"37":{"start":{"line":124,"column":35},"end":{"line":124,"column":60}},"38":{"start":{"line":125,"column":32},"end":{"line":125,"column":54}},"39":{"start":{"line":126,"column":34},"end":{"line":126,"column":54}},"40":{"start":{"line":127,"column":31},"end":{"line":127,"column":52}}},"fnMap":{"0":{"name":"(anonymous_0)","decl":{"start":{"line":6,"column":2},"end":{"line":6,"column":3}},"loc":{"start":{"line":6,"column":24},"end":{"line":21,"column":3}},"line":6},"1":{"name":"(anonymous_1)","decl":{"start":{"line":14,"column":12},"end":{"line":14,"column":13}},"loc":{"start":{"line":14,"column":26},"end":{"line":17,"column":7}},"line":14},"2":{"name":"(anonymous_2)","decl":{"start":{"line":18,"column":13},"end":{"line":18,"column":14}},"loc":{"start":{"line":18,"column":22},"end":{"line":20,"column":7}},"line":18},"3":{"name":"(anonymous_3)","decl":{"start":{"line":23,"column":2},"end":{"line":23,"column":3}},"loc":{"start":{"line":23,"column":34},"end":{"line":33,"column":3}},"line":23},"4":{"name":"(anonymous_4)","decl":{"start":{"line":29,"column":12},"end":{"line":29,"column":13}},"loc":{"start":{"line":29,"column":26},"end":{"line":29,"column":30}},"line":29},"5":{"name":"(anonymous_5)","decl":{"start":{"line":30,"column":13},"end":{"line":30,"column":14}},"loc":{"start":{"line":30,"column":22},"end":{"line":32,"column":7}},"line":30},"6":{"name":"(anonymous_6)","decl":{"start":{"line":35,"column":2},"end":{"line":35,"column":3}},"loc":{"start":{"line":35,"column":77},"end":{"line":55,"column":3}},"line":35},"7":{"name":"(anonymous_7)","decl":{"start":{"line":57,"column":2},"end":{"line":57,"column":3}},"loc":{"start":{"line":57,"column":62},"end":{"line":87,"column":3}},"line":57},"8":{"name":"(anonymous_8)","decl":{"start":{"line":81,"column":12},"end":{"line":81,"column":13}},"loc":{"start":{"line":81,"column":26},"end":{"line":83,"column":7}},"line":81},"9":{"name":"(anonymous_9)","decl":{"start":{"line":84,"column":13},"end":{"line":84,"column":14}},"loc":{"start":{"line":84,"column":22},"end":{"line":86,"column":7}},"line":84},"10":{"name":"(anonymous_10)","decl":{"start":{"line":89,"column":2},"end":{"line":89,"column":3}},"loc":{"start":{"line":89,"column":20},"end":{"line":98,"column":3}},"line":89},"11":{"name":"(anonymous_11)","decl":{"start":{"line":91,"column":12},"end":{"line":91,"column":13}},"loc":{"start":{"line":91,"column":26},"end":{"line":94,"column":7}},"line":91},"12":{"name":"(anonymous_12)","decl":{"start":{"line":95,"column":13},"end":{"line":95,"column":14}},"loc":{"start":{"line":95,"column":22},"end":{"line":97,"column":7}},"line":95},"13":{"name":"(anonymous_13)","decl":{"start":{"line":100,"column":2},"end":{"line":100,"column":3}},"loc":{"start":{"line":108,"column":5},"end":{"line":119,"column":3}},"line":108}},"branchMap":{"0":{"loc":{"start":{"line":7,"column":20},"end":{"line":11,"column":28}},"type":"cond-expr","locations":[{"start":{"line":8,"column":8},"end":{"line":10,"column":9}},{"start":{"line":11,"column":8},"end":{"line":11,"column":28}}],"line":7},"1":{"loc":{"start":{"line":38,"column":4},"end":{"line":40,"column":5}},"type":"if","locations":[{"start":{"line":38,"column":4},"end":{"line":40,"column":5}},{"start":{"line":38,"column":4},"end":{"line":40,"column":5}}],"line":38},"2":{"loc":{"start":{"line":42,"column":4},"end":{"line":44,"column":5}},"type":"if","locations":[{"start":{"line":42,"column":4},"end":{"line":44,"column":5}},{"start":{"line":42,"column":4},"end":{"line":44,"column":5}}],"line":42},"3":{"loc":{"start":{"line":46,"column":4},"end":{"line":48,"column":5}},"type":"if","locations":[{"start":{"line":46,"column":4},"end":{"line":48,"column":5}},{"start":{"line":46,"column":4},"end":{"line":48,"column":5}}],"line":46},"4":{"loc":{"start":{"line":62,"column":4},"end":{"line":64,"column":5}},"type":"if","locations":[{"start":{"line":62,"column":4},"end":{"line":64,"column":5}},{"start":{"line":62,"column":4},"end":{"line":64,"column":5}}],"line":62},"5":{"loc":{"start":{"line":62,"column":8},"end":{"line":62,"column":29}},"type":"binary-expr","locations":[{"start":{"line":62,"column":8},"end":{"line":62,"column":13}},{"start":{"line":62,"column":17},"end":{"line":62,"column":29}}],"line":62},"6":{"loc":{"start":{"line":66,"column":4},"end":{"line":68,"column":5}},"type":"if","locations":[{"start":{"line":66,"column":4},"end":{"line":68,"column":5}},{"start":{"line":66,"column":4},"end":{"line":68,"column":5}}],"line":66},"7":{"loc":{"start":{"line":66,"column":8},"end":{"line":66,"column":35}},"type":"binary-expr","locations":[{"start":{"line":66,"column":8},"end":{"line":66,"column":16}},{"start":{"line":66,"column":20},"end":{"line":66,"column":35}}],"line":66},"8":{"loc":{"start":{"line":70,"column":4},"end":{"line":72,"column":5}},"type":"if","locations":[{"start":{"line":70,"column":4},"end":{"line":72,"column":5}},{"start":{"line":70,"column":4},"end":{"line":72,"column":5}}],"line":70},"9":{"loc":{"start":{"line":70,"column":8},"end":{"line":70,"column":35}},"type":"binary-expr","locations":[{"start":{"line":70,"column":8},"end":{"line":70,"column":16}},{"start":{"line":70,"column":20},"end":{"line":70,"column":35}}],"line":70},"10":{"loc":{"start":{"line":74,"column":20},"end":{"line":78,"column":28}},"type":"cond-expr","locations":[{"start":{"line":75,"column":8},"end":{"line":77,"column":9}},{"start":{"line":78,"column":8},"end":{"line":78,"column":28}}],"line":74}},"s":{"0":2,"1":2,"2":0,"3":0,"4":0,"5":1,"6":1,"7":0,"8":0,"9":1,"10":1,"11":1,"12":1,"13":1,"14":1,"15":1,"16":1,"17":1,"18":1,"19":1,"20":0,"21":1,"22":0,"23":1,"24":1,"25":1,"26":1,"27":0,"28":0,"29":1,"30":0,"31":0,"32":0,"33":0,"34":0,"35":1,"36":1,"37":1,"38":1,"39":1,"40":1},"f":{"0":2,"1":0,"2":0,"3":1,"4":0,"5":0,"6":1,"7":1,"8":0,"9":0,"10":1,"11":0,"12":0,"13":0},"b":{"0":[1,1],"1":[1,0],"2":[1,0],"3":[1,0],"4":[0,1],"5":[1,0],"6":[0,1],"7":[1,0],"8":[1,0],"9":[1,1],"10":[0,1]},"_coverageSchema":"1a1c01bbd47fc00a2c39e90264f33305004495a9","hash":"41e39e3fba8ec8de4bcf7193ad8c3009217638aa"}
,"/Users/nathanbrenner/repos/work/anion/lib/users/users.structs.js": {"path":"/Users/nathanbrenner/repos/work/anion/lib/users/users.structs.js","statementMap":{"0":{"start":{"line":3,"column":20},"end":{"line":18,"column":1}},"1":{"start":{"line":20,"column":21},"end":{"line":25,"column":1}}},"fnMap":{},"branchMap":{},"s":{"0":1,"1":1},"f":{},"b":{},"_coverageSchema":"1a1c01bbd47fc00a2c39e90264f33305004495a9","hash":"4e648a70c7295247a6fe42ade1ca7fdbc076e075"}
,"/Users/nathanbrenner/repos/work/anion/lib/vulnerabilities/vulnerabilities.js": {"path":"/Users/nathanbrenner/repos/work/anion/lib/vulnerabilities/vulnerabilities.js","statementMap":{"0":{"start":{"line":6,"column":19},"end":{"line":8,"column":6}},"1":{"start":{"line":10,"column":4},"end":{"line":17,"column":8}},"2":{"start":{"line":12,"column":8},"end":{"line":12,"column":40}},"3":{"start":{"line":13,"column":8},"end":{"line":13,"column":24}},"4":{"start":{"line":16,"column":8},"end":{"line":16,"column":19}},"5":{"start":{"line":21,"column":19},"end":{"line":25,"column":6}},"6":{"start":{"line":27,"column":4},"end":{"line":29,"column":5}},"7":{"start":{"line":28,"column":6},"end":{"line":28,"column":36}},"8":{"start":{"line":31,"column":4},"end":{"line":38,"column":8}},"9":{"start":{"line":33,"column":8},"end":{"line":33,"column":42}},"10":{"start":{"line":34,"column":8},"end":{"line":34,"column":24}},"11":{"start":{"line":37,"column":8},"end":{"line":37,"column":19}},"12":{"start":{"line":42,"column":19},"end":{"line":44,"column":6}},"13":{"start":{"line":46,"column":4},"end":{"line":53,"column":8}},"14":{"start":{"line":48,"column":8},"end":{"line":48,"column":35}},"15":{"start":{"line":49,"column":8},"end":{"line":49,"column":55}},"16":{"start":{"line":52,"column":8},"end":{"line":52,"column":19}},"17":{"start":{"line":57,"column":33},"end":{"line":57,"column":69}},"18":{"start":{"line":58,"column":35},"end":{"line":58,"column":73}},"19":{"start":{"line":59,"column":27},"end":{"line":59,"column":58}}},"fnMap":{"0":{"name":"(anonymous_0)","decl":{"start":{"line":5,"column":2},"end":{"line":5,"column":3}},"loc":{"start":{"line":5,"column":38},"end":{"line":18,"column":3}},"line":5},"1":{"name":"(anonymous_1)","decl":{"start":{"line":11,"column":12},"end":{"line":11,"column":13}},"loc":{"start":{"line":11,"column":26},"end":{"line":14,"column":7}},"line":11},"2":{"name":"(anonymous_2)","decl":{"start":{"line":15,"column":13},"end":{"line":15,"column":14}},"loc":{"start":{"line":15,"column":22},"end":{"line":17,"column":7}},"line":15},"3":{"name":"(anonymous_3)","decl":{"start":{"line":20,"column":2},"end":{"line":20,"column":3}},"loc":{"start":{"line":20,"column":70},"end":{"line":39,"column":3}},"line":20},"4":{"name":"(anonymous_4)","decl":{"start":{"line":32,"column":12},"end":{"line":32,"column":13}},"loc":{"start":{"line":32,"column":26},"end":{"line":35,"column":7}},"line":32},"5":{"name":"(anonymous_5)","decl":{"start":{"line":36,"column":13},"end":{"line":36,"column":14}},"loc":{"start":{"line":36,"column":22},"end":{"line":38,"column":7}},"line":36},"6":{"name":"(anonymous_6)","decl":{"start":{"line":41,"column":2},"end":{"line":41,"column":3}},"loc":{"start":{"line":41,"column":36},"end":{"line":54,"column":3}},"line":41},"7":{"name":"(anonymous_7)","decl":{"start":{"line":47,"column":12},"end":{"line":47,"column":13}},"loc":{"start":{"line":47,"column":26},"end":{"line":50,"column":7}},"line":47},"8":{"name":"(anonymous_8)","decl":{"start":{"line":51,"column":13},"end":{"line":51,"column":14}},"loc":{"start":{"line":51,"column":22},"end":{"line":53,"column":7}},"line":51}},"branchMap":{"0":{"loc":{"start":{"line":20,"column":46},"end":{"line":20,"column":56}},"type":"default-arg","locations":[{"start":{"line":20,"column":55},"end":{"line":20,"column":56}}],"line":20},"1":{"loc":{"start":{"line":20,"column":58},"end":{"line":20,"column":68}},"type":"default-arg","locations":[{"start":{"line":20,"column":66},"end":{"line":20,"column":68}}],"line":20},"2":{"loc":{"start":{"line":27,"column":4},"end":{"line":29,"column":5}},"type":"if","locations":[{"start":{"line":27,"column":4},"end":{"line":29,"column":5}},{"start":{"line":27,"column":4},"end":{"line":29,"column":5}}],"line":27},"3":{"loc":{"start":{"line":49,"column":15},"end":{"line":49,"column":55}},"type":"cond-expr","locations":[{"start":{"line":49,"column":38},"end":{"line":49,"column":50}},{"start":{"line":49,"column":53},"end":{"line":49,"column":55}}],"line":49}},"s":{"0":3,"1":3,"2":0,"3":0,"4":0,"5":5,"6":5,"7":1,"8":5,"9":0,"10":0,"11":0,"12":1,"13":1,"14":0,"15":0,"16":0,"17":1,"18":1,"19":1},"f":{"0":3,"1":0,"2":0,"3":5,"4":0,"5":0,"6":1,"7":0,"8":0},"b":{"0":[3],"1":[3],"2":[1,4],"3":[0,0]},"_coverageSchema":"1a1c01bbd47fc00a2c39e90264f33305004495a9","hash":"1d4648a9ed8f79560c674dc87d004e1fef45ac67"}
,"/Users/nathanbrenner/repos/work/anion/lib/vulnerabilities/vulnerabilities.structs.js": {"path":"/Users/nathanbrenner/repos/work/anion/lib/vulnerabilities/vulnerabilities.structs.js","statementMap":{"0":{"start":{"line":3,"column":29},"end":{"line":11,"column":2}},"1":{"start":{"line":13,"column":31},"end":{"line":13,"column":52}},"2":{"start":{"line":15,"column":23},"end":{"line":24,"column":2}},"3":{"start":{"line":26,"column":24},"end":{"line":26,"column":39}}},"fnMap":{},"branchMap":{},"s":{"0":1,"1":1,"2":1,"3":1},"f":{},"b":{},"_coverageSchema":"1a1c01bbd47fc00a2c39e90264f33305004495a9","hash":"7d5b84b3690e7ab895bbcc75ad412031150abae4"}
}
