TN:
SF:lib/requests.js
FN:5,Do
FN:36,Get
FN:40,Post
FN:44,Put
FN:48,Delete
FNF:5
FNH:5
FNDA:77,Do
FNDA:46,Get
FNDA:13,Post
FNDA:13,Put
FNDA:5,Delete
DA:6,77
DA:7,0
DA:8,0
DA:9,0
DA:12,0
DA:13,0
DA:15,0
DA:16,0
DA:18,0
DA:19,0
DA:22,0
DA:23,0
DA:26,0
DA:33,0
DA:37,46
DA:41,13
DA:45,13
DA:49,5
LF:18
LH:5
BRDA:6,0,0,0
BRDA:6,0,1,0
BRDA:15,1,0,0
BRDA:15,1,1,0
BRDA:22,2,0,0
BRDA:22,2,1,0
BRF:6
BRH:0
end_of_record
TN:
SF:lib/aliases/aliases.structs.js
FNF:0
FNH:0
DA:3,2
LF:1
LH:1
BRF:0
BRH:0
end_of_record
TN:
SF:lib/analyses/analyses.structs.js
FNF:0
FNH:0
DA:3,1
LF:1
LH:1
BRF:0
BRH:0
end_of_record
TN:
SF:lib/auth/auth.js
FN:6,(anonymous_0)
FN:10,(anonymous_1)
FN:14,(anonymous_2)
FN:18,(anonymous_3)
FNF:4
FNH:4
FNDA:4,(anonymous_0)
FNDA:66,(anonymous_1)
FNDA:12,(anonymous_2)
FNDA:66,(anonymous_3)
DA:3,12
DA:7,4
DA:11,66
DA:15,12
DA:19,66
DA:20,64
DA:23,66
DA:25,66
DA:26,61
DA:29,66
LF:10
LH:10
BRDA:19,0,0,64
BRDA:19,0,1,2
BRDA:25,1,0,61
BRDA:25,1,1,5
BRDA:25,2,0,66
BRDA:25,2,1,61
BRF:6
BRH:6
end_of_record
TN:
SF:lib/deliveries/deliveries.js
FN:6,(anonymous_0)
FN:12,(anonymous_1)
FN:16,(anonymous_2)
FN:21,(anonymous_3)
FN:36,(anonymous_4)
FNF:5
FNH:3
FNDA:1,(anonymous_0)
FNDA:0,(anonymous_1)
FNDA:0,(anonymous_2)
FNDA:1,(anonymous_3)
FNDA:1,(anonymous_4)
DA:7,1
DA:11,1
DA:13,0
DA:14,0
DA:17,0
DA:28,1
DA:37,1
DA:45,1
DA:46,1
DA:47,1
LF:10
LH:7
BRF:0
BRH:0
end_of_record
TN:
SF:lib/deliveries/deliveries.structs.js
FNF:0
FNH:0
DA:3,1
DA:16,1
LF:2
LH:2
BRF:0
BRH:0
end_of_record
TN:
SF:lib/projects/projects.js
FN:6,(anonymous_0)
FN:14,(anonymous_1)
FN:18,(anonymous_2)
FN:23,(anonymous_3)
FN:31,(anonymous_4)
FN:35,(anonymous_5)
FN:40,(anonymous_6)
FN:44,(anonymous_7)
FN:48,(anonymous_8)
FN:53,(anonymous_9)
FN:59,(anonymous_10)
FN:63,(anonymous_11)
FN:68,(anonymous_12)
FN:78,(anonymous_13)
FN:81,(anonymous_14)
FN:90,(anonymous_15)
FNF:16
FNH:7
FNDA:1,(anonymous_0)
FNDA:0,(anonymous_1)
FNDA:0,(anonymous_2)
FNDA:1,(anonymous_3)
FNDA:0,(anonymous_4)
FNDA:0,(anonymous_5)
FNDA:1,(anonymous_6)
FNDA:0,(anonymous_7)
FNDA:0,(anonymous_8)
FNDA:1,(anonymous_9)
FNDA:0,(anonymous_10)
FNDA:0,(anonymous_11)
FNDA:1,(anonymous_12)
FNDA:0,(anonymous_13)
FNDA:1,(anonymous_14)
FNDA:5,(anonymous_15)
DA:7,1
DA:13,1
DA:15,0
DA:16,0
DA:19,0
DA:24,1
DA:26,1
DA:27,1
DA:30,1
DA:32,0
DA:33,0
DA:36,0
DA:41,1
DA:43,1
DA:45,0
DA:46,0
DA:49,0
DA:54,1
DA:58,1
DA:60,0
DA:61,0
DA:64,0
DA:69,1
DA:73,1
DA:78,0
DA:82,1
DA:91,5
DA:93,5
DA:94,6
DA:97,5
DA:103,1
DA:104,1
DA:105,1
DA:106,1
DA:107,1
DA:108,1
DA:109,1
DA:110,1
LF:38
LH:25
BRDA:6,0,0,1
BRDA:7,1,0,0
BRDA:7,1,1,1
BRDA:26,2,0,1
BRDA:26,2,1,0
BRDA:68,3,0,1
BRF:6
BRH:4
end_of_record
TN:
SF:lib/projects/projects.structs.js
FNF:0
FNH:0
DA:5,1
DA:34,1
DA:57,1
LF:3
LH:3
BRF:0
BRH:0
end_of_record
TN:
SF:lib/reports/reports.js
FN:6,(anonymous_0)
FN:14,(anonymous_1)
FN:18,(anonymous_2)
FN:23,(anonymous_3)
FN:32,(anonymous_4)
FN:36,(anonymous_5)
FN:41,(anonymous_6)
FN:49,(anonymous_7)
FN:53,(anonymous_8)
FN:58,(anonymous_9)
FN:65,(anonymous_10)
FN:69,(anonymous_11)
FN:74,(anonymous_12)
FN:80,(anonymous_13)
FN:85,(anonymous_14)
FN:90,(anonymous_15)
FN:96,(anonymous_16)
FN:100,(anonymous_17)
FN:105,(anonymous_18)
FN:115,(anonymous_19)
FN:119,(anonymous_20)
FN:124,(anonymous_21)
FN:131,(anonymous_22)
FN:135,(anonymous_23)
FN:140,(anonymous_24)
FN:145,(anonymous_25)
FN:146,(anonymous_26)
FN:151,(anonymous_27)
FN:163,(anonymous_28)
FN:167,(anonymous_29)
FN:179,(anonymous_30)
FNF:31
FNH:10
FNDA:1,(anonymous_0)
FNDA:0,(anonymous_1)
FNDA:0,(anonymous_2)
FNDA:1,(anonymous_3)
FNDA:0,(anonymous_4)
FNDA:0,(anonymous_5)
FNDA:0,(anonymous_6)
FNDA:0,(anonymous_7)
FNDA:0,(anonymous_8)
FNDA:1,(anonymous_9)
FNDA:0,(anonymous_10)
FNDA:0,(anonymous_11)
FNDA:1,(anonymous_12)
FNDA:0,(anonymous_13)
FNDA:0,(anonymous_14)
FNDA:1,(anonymous_15)
FNDA:0,(anonymous_16)
FNDA:0,(anonymous_17)
FNDA:2,(anonymous_18)
FNDA:0,(anonymous_19)
FNDA:0,(anonymous_20)
FNDA:1,(anonymous_21)
FNDA:0,(anonymous_22)
FNDA:0,(anonymous_23)
FNDA:0,(anonymous_24)
FNDA:0,(anonymous_25)
FNDA:0,(anonymous_26)
FNDA:2,(anonymous_27)
FNDA:0,(anonymous_28)
FNDA:1,(anonymous_29)
FNDA:1,(anonymous_30)
DA:7,1
DA:13,1
DA:15,0
DA:16,0
DA:19,0
DA:24,1
DA:31,1
DA:33,0
DA:34,0
DA:37,0
DA:42,0
DA:48,0
DA:50,0
DA:51,0
DA:54,0
DA:59,1
DA:64,1
DA:66,0
DA:67,0
DA:70,0
DA:75,1
DA:79,1
DA:83,0
DA:86,0
DA:91,1
DA:95,1
DA:97,0
DA:98,0
DA:101,0
DA:106,2
DA:110,2
DA:111,0
DA:114,2
DA:116,0
DA:117,0
DA:120,0
DA:125,1
DA:130,1
DA:132,0
DA:133,0
DA:136,0
DA:141,0
DA:144,0
DA:145,0
DA:147,0
DA:152,2
DA:157,2
DA:158,1
DA:159,1
DA:162,2
DA:163,0
DA:168,1
DA:180,1
DA:186,1
DA:190,1
DA:191,1
DA:192,1
DA:193,1
DA:194,1
DA:195,1
DA:196,1
DA:197,1
DA:198,1
DA:199,1
DA:200,1
DA:201,1
DA:202,1
LF:67
LH:36
BRDA:23,0,0,1
BRDA:41,1,0,0
BRDA:105,2,0,2
BRDA:110,3,0,0
BRDA:110,3,1,2
BRDA:157,4,0,1
BRDA:157,4,1,1
BRDA:157,5,0,2
BRDA:157,5,1,1
BRF:9
BRH:7
end_of_record
TN:
SF:lib/reports/reports.structs.js
FNF:0
FNH:0
DA:7,1
DA:14,1
DA:16,1
DA:47,1
DA:54,1
DA:64,1
DA:73,1
DA:84,1
DA:91,1
DA:101,1
LF:10
LH:10
BRF:0
BRH:0
end_of_record
TN:
SF:lib/rulesets/ruleset.structs.js
FNF:0
FNH:0
DA:3,1
DA:14,1
DA:25,1
DA:34,1
DA:42,1
DA:54,1
DA:61,1
DA:73,1
LF:8
LH:8
BRF:0
BRH:0
end_of_record
TN:
SF:lib/rulesets/rulesets.js
FN:6,(anonymous_0)
FN:13,(anonymous_1)
FN:17,(anonymous_2)
FN:22,(anonymous_3)
FN:32,(anonymous_4)
FN:36,(anonymous_5)
FN:41,(anonymous_6)
FN:50,(anonymous_7)
FN:56,(anonymous_8)
FN:59,(anonymous_9)
FN:65,(anonymous_10)
FN:68,(anonymous_11)
FN:74,(anonymous_12)
FN:77,(anonymous_13)
FN:81,(anonymous_14)
FN:86,(anonymous_15)
FN:88,(anonymous_16)
FN:92,(anonymous_17)
FN:97,(anonymous_18)
FN:107,(anonymous_19)
FNF:20
FNH:4
FNDA:1,(anonymous_0)
FNDA:0,(anonymous_1)
FNDA:0,(anonymous_2)
FNDA:0,(anonymous_3)
FNDA:0,(anonymous_4)
FNDA:0,(anonymous_5)
FNDA:2,(anonymous_6)
FNDA:0,(anonymous_7)
FNDA:1,(anonymous_8)
FNDA:0,(anonymous_9)
FNDA:0,(anonymous_10)
FNDA:0,(anonymous_11)
FNDA:0,(anonymous_12)
FNDA:0,(anonymous_13)
FNDA:0,(anonymous_14)
FNDA:0,(anonymous_15)
FNDA:0,(anonymous_16)
FNDA:0,(anonymous_17)
FNDA:0,(anonymous_18)
FNDA:1,(anonymous_19)
DA:7,1
DA:12,1
DA:14,0
DA:15,0
DA:18,0
DA:23,0
DA:27,0
DA:33,0
DA:34,0
DA:37,0
DA:42,2
DA:44,2
DA:45,1
DA:46,1
DA:49,2
DA:51,0
DA:57,1
DA:58,1
DA:60,0
DA:66,0
DA:67,0
DA:69,0
DA:75,0
DA:76,0
DA:78,0
DA:79,0
DA:82,0
DA:87,0
DA:89,0
DA:90,0
DA:93,0
DA:98,0
DA:104,0
DA:108,1
DA:113,1
DA:117,1
DA:119,1
DA:120,1
DA:121,1
DA:122,1
DA:123,1
DA:124,1
DA:125,1
DA:126,1
LF:44
LH:20
BRDA:44,0,0,1
BRDA:44,0,1,1
BRDA:44,1,0,2
BRDA:44,1,1,1
BRF:4
BRH:4
end_of_record
TN:
SF:lib/scanner/scanner.js
FN:6,(anonymous_0)
FN:14,(anonymous_1)
FN:18,(anonymous_2)
FN:23,(anonymous_3)
FN:30,(anonymous_4)
FN:34,(anonymous_5)
FN:39,(anonymous_6)
FN:46,(anonymous_7)
FN:50,(anonymous_8)
FN:55,(anonymous_9)
FN:62,(anonymous_10)
FN:63,(anonymous_11)
FN:68,(anonymous_12)
FNF:13
FNH:4
FNDA:1,(anonymous_0)
FNDA:0,(anonymous_1)
FNDA:0,(anonymous_2)
FNDA:0,(anonymous_3)
FNDA:0,(anonymous_4)
FNDA:0,(anonymous_5)
FNDA:1,(anonymous_6)
FNDA:0,(anonymous_7)
FNDA:0,(anonymous_8)
FNDA:1,(anonymous_9)
FNDA:0,(anonymous_10)
FNDA:0,(anonymous_11)
FNDA:1,(anonymous_12)
DA:7,1
DA:13,1
DA:15,0
DA:16,0
DA:19,0
DA:24,0
DA:29,0
DA:31,0
DA:32,0
DA:35,0
DA:40,1
DA:45,1
DA:47,0
DA:48,0
DA:51,0
DA:56,1
DA:61,1
DA:62,0
DA:64,0
DA:69,1
DA:73,1
DA:74,1
DA:75,1
DA:76,1
DA:77,1
DA:78,1
LF:26
LH:13
BRF:0
BRH:0
end_of_record
TN:
SF:lib/scanner/scanner.structs.js
FNF:0
FNH:0
DA:3,1
DA:21,1
DA:37,1
LF:3
LH:3
BRF:0
BRH:0
end_of_record
TN:
SF:lib/searches/searches.js
FN:6,(anonymous_0)
FN:24,(anonymous_1)
FN:28,(anonymous_2)
FNF:3
FNH:1
FNDA:3,(anonymous_0)
FNDA:0,(anonymous_1)
FNDA:0,(anonymous_2)
DA:7,3
DA:11,3
DA:12,1
DA:15,3
DA:16,2
DA:19,3
DA:20,2
DA:23,3
DA:25,0
DA:26,0
DA:29,0
DA:34,1
LF:12
LH:9
BRDA:11,0,0,1
BRDA:11,0,1,2
BRDA:15,1,0,2
BRDA:15,1,1,1
BRDA:15,2,0,3
BRDA:15,2,1,3
BRDA:19,3,0,2
BRDA:19,3,1,1
BRF:8
BRH:8
end_of_record
TN:
SF:lib/searches/searches.structs.js
FNF:0
FNH:0
DA:3,1
DA:22,1
LF:2
LH:2
BRF:0
BRH:0
end_of_record
TN:
SF:lib/tags/tags.structs.js
FNF:0
FNH:0
DA:3,2
LF:1
LH:1
BRF:0
BRH:0
end_of_record
TN:
SF:lib/teams/teams.js
FN:6,(anonymous_0)
FN:12,(anonymous_1)
FN:16,(anonymous_2)
FN:21,(anonymous_3)
FN:23,(anonymous_4)
FN:27,(anonymous_5)
FN:32,(anonymous_6)
FN:38,(anonymous_7)
FN:42,(anonymous_8)
FN:47,(anonymous_9)
FN:57,(anonymous_10)
FN:58,(anonymous_11)
FN:63,(anonymous_12)
FN:73,(anonymous_13)
FN:74,(anonymous_14)
FN:79,(anonymous_15)
FN:92,(anonymous_16)
FN:93,(anonymous_17)
FN:98,(anonymous_18)
FN:109,(anonymous_19)
FN:110,(anonymous_20)
FN:115,(anonymous_21)
FN:121,(anonymous_22)
FN:122,(anonymous_23)
FN:127,(anonymous_24)
FN:137,(anonymous_25)
FN:141,(anonymous_26)
FN:146,(anonymous_27)
FN:152,(anonymous_28)
FN:155,(anonymous_29)
FN:160,(anonymous_30)
FN:170,(anonymous_31)
FN:174,(anonymous_32)
FNF:33
FNH:11
FNDA:3,(anonymous_0)
FNDA:0,(anonymous_1)
FNDA:0,(anonymous_2)
FNDA:2,(anonymous_3)
FNDA:0,(anonymous_4)
FNDA:0,(anonymous_5)
FNDA:1,(anonymous_6)
FNDA:0,(anonymous_7)
FNDA:0,(anonymous_8)
FNDA:1,(anonymous_9)
FNDA:0,(anonymous_10)
FNDA:0,(anonymous_11)
FNDA:1,(anonymous_12)
FNDA:0,(anonymous_13)
FNDA:0,(anonymous_14)
FNDA:3,(anonymous_15)
FNDA:0,(anonymous_16)
FNDA:0,(anonymous_17)
FNDA:1,(anonymous_18)
FNDA:0,(anonymous_19)
FNDA:0,(anonymous_20)
FNDA:1,(anonymous_21)
FNDA:0,(anonymous_22)
FNDA:0,(anonymous_23)
FNDA:1,(anonymous_24)
FNDA:0,(anonymous_25)
FNDA:0,(anonymous_26)
FNDA:1,(anonymous_27)
FNDA:0,(anonymous_28)
FNDA:0,(anonymous_29)
FNDA:1,(anonymous_30)
FNDA:0,(anonymous_31)
FNDA:0,(anonymous_32)
DA:7,3
DA:11,3
DA:13,0
DA:14,0
DA:17,0
DA:22,2
DA:24,0
DA:25,0
DA:28,0
DA:33,1
DA:37,1
DA:39,0
DA:40,0
DA:43,0
DA:48,1
DA:52,1
DA:56,1
DA:57,0
DA:59,0
DA:64,1
DA:68,1
DA:72,1
DA:73,0
DA:75,0
DA:80,3
DA:85,3
DA:86,2
DA:87,1
DA:88,1
DA:91,3
DA:92,0
DA:94,0
DA:99,1
DA:103,1
DA:109,0
DA:111,0
DA:116,1
DA:120,1
DA:121,0
DA:123,0
DA:128,1
DA:129,1
DA:136,1
DA:138,0
DA:139,0
DA:142,0
DA:147,1
DA:153,0
DA:156,0
DA:161,1
DA:169,1
DA:171,0
DA:172,0
DA:175,0
DA:180,1
DA:181,1
DA:182,1
DA:183,1
DA:185,1
DA:186,1
DA:187,1
DA:188,1
DA:189,1
DA:190,1
DA:191,1
LF:65
LH:38
BRDA:85,0,0,2
BRDA:85,0,1,1
BRDA:87,1,0,1
BRDA:87,1,1,0
BRF:4
BRH:3
end_of_record
TN:
SF:lib/teams/teams.structs.js
FNF:0
FNH:0
DA:3,1
DA:18,1
DA:33,1
DA:40,1
DA:42,1
LF:5
LH:5
BRF:0
BRH:0
end_of_record
TN:
SF:lib/tokens/tokens.js
FN:6,(anonymous_0)
FN:18,(anonymous_1)
FN:19,(anonymous_2)
FN:24,(anonymous_3)
FN:30,(anonymous_4)
FN:34,(anonymous_5)
FN:39,(anonymous_6)
FN:48,(anonymous_7)
FN:49,(anonymous_8)
FN:54,(anonymous_9)
FN:56,(anonymous_10)
FN:57,(anonymous_11)
FNF:12
FNH:3
FNDA:1,(anonymous_0)
FNDA:0,(anonymous_1)
FNDA:0,(anonymous_2)
FNDA:1,(anonymous_3)
FNDA:0,(anonymous_4)
FNDA:0,(anonymous_5)
FNDA:1,(anonymous_6)
FNDA:0,(anonymous_7)
FNDA:0,(anonymous_8)
FNDA:0,(anonymous_9)
FNDA:0,(anonymous_10)
FNDA:0,(anonymous_11)
DA:7,1
DA:12,1
DA:18,0
DA:20,0
DA:25,1
DA:29,1
DA:31,0
DA:32,0
DA:35,0
DA:40,1
DA:42,1
DA:48,0
DA:50,0
DA:55,0
DA:56,0
DA:58,0
DA:63,1
DA:64,1
DA:65,1
DA:66,1
LF:20
LH:10
BRDA:6,0,0,1
BRDA:24,1,0,0
BRF:2
BRH:1
end_of_record
TN:
SF:lib/tokens/tokens.structs.js
FNF:0
FNH:0
DA:3,1
DA:15,1
LF:2
LH:2
BRF:0
BRH:0
end_of_record
TN:
SF:lib/usage/usage.js
FN:5,(anonymous_0)
FNF:1
FNH:1
FNDA:1,(anonymous_0)
DA:6,1
DA:7,1
DA:11,1
LF:3
LH:3
BRF:0
BRH:0
end_of_record
TN:
SF:lib/users/users.js
FN:6,(anonymous_0)
FN:14,(anonymous_1)
FN:18,(anonymous_2)
FN:23,(anonymous_3)
FN:29,(anonymous_4)
FN:30,(anonymous_5)
FN:35,(anonymous_6)
FN:57,(anonymous_7)
FN:81,(anonymous_8)
FN:84,(anonymous_9)
FN:89,(anonymous_10)
FN:91,(anonymous_11)
FN:95,(anonymous_12)
FN:100,(anonymous_13)
FNF:14
FNH:5
FNDA:2,(anonymous_0)
FNDA:0,(anonymous_1)
FNDA:0,(anonymous_2)
FNDA:1,(anonymous_3)
FNDA:0,(anonymous_4)
FNDA:0,(anonymous_5)
FNDA:1,(anonymous_6)
FNDA:1,(anonymous_7)
FNDA:0,(anonymous_8)
FNDA:0,(anonymous_9)
FNDA:1,(anonymous_10)
FNDA:0,(anonymous_11)
FNDA:0,(anonymous_12)
FNDA:0,(anonymous_13)
DA:7,2
DA:13,2
DA:15,0
DA:16,0
DA:19,0
DA:24,1
DA:28,1
DA:29,0
DA:31,0
DA:36,1
DA:38,1
DA:39,1
DA:42,1
DA:43,1
DA:46,1
DA:47,1
DA:50,1
DA:54,1
DA:58,1
DA:62,1
DA:63,0
DA:66,1
DA:67,0
DA:70,1
DA:71,1
DA:74,1
DA:80,1
DA:82,0
DA:85,0
DA:90,1
DA:92,0
DA:93,0
DA:96,0
DA:109,0
DA:118,0
DA:122,1
DA:123,1
DA:124,1
DA:125,1
DA:126,1
DA:127,1
LF:41
LH:27
BRDA:7,0,0,1
BRDA:7,0,1,1
BRDA:38,1,0,1
BRDA:38,1,1,0
BRDA:42,2,0,1
BRDA:42,2,1,0
BRDA:46,3,0,1
BRDA:46,3,1,0
BRDA:62,4,0,0
BRDA:62,4,1,1
BRDA:62,5,0,1
BRDA:62,5,1,0
BRDA:66,6,0,0
BRDA:66,6,1,1
BRDA:66,7,0,1
BRDA:66,7,1,0
BRDA:70,8,0,1
BRDA:70,8,1,0
BRDA:70,9,0,1
BRDA:70,9,1,1
BRDA:74,10,0,0
BRDA:74,10,1,1
BRF:22
BRH:13
end_of_record
TN:
SF:lib/users/users.structs.js
FNF:0
FNH:0
DA:3,1
DA:20,1
LF:2
LH:2
BRF:0
BRH:0
end_of_record
TN:
SF:lib/vulnerabilities/vulnerabilities.js
FN:5,(anonymous_0)
FN:11,(anonymous_1)
FN:15,(anonymous_2)
FN:20,(anonymous_3)
FN:32,(anonymous_4)
FN:36,(anonymous_5)
FN:41,(anonymous_6)
FN:47,(anonymous_7)
FN:51,(anonymous_8)
FNF:9
FNH:3
FNDA:3,(anonymous_0)
FNDA:0,(anonymous_1)
FNDA:0,(anonymous_2)
FNDA:5,(anonymous_3)
FNDA:0,(anonymous_4)
FNDA:0,(anonymous_5)
FNDA:1,(anonymous_6)
FNDA:0,(anonymous_7)
FNDA:0,(anonymous_8)
DA:6,3
DA:10,3
DA:12,0
DA:13,0
DA:16,0
DA:21,5
DA:27,5
DA:28,1
DA:31,5
DA:33,0
DA:34,0
DA:37,0
DA:42,1
DA:46,1
DA:48,0
DA:49,0
DA:52,0
DA:57,1
DA:58,1
DA:59,1
LF:20
LH:11
BRDA:20,0,0,3
BRDA:20,1,0,3
BRDA:27,2,0,1
BRDA:27,2,1,4
BRDA:49,3,0,0
BRDA:49,3,1,0
BRF:6
BRH:4
end_of_record
TN:
SF:lib/vulnerabilities/vulnerabilities.structs.js
FNF:0
FNH:0
DA:3,1
DA:13,1
DA:15,1
DA:26,1
LF:4
LH:4
BRF:0
BRH:0
end_of_record
